2025-03-03T10:19:39.145+05:30  INFO 22516 --- [SECURITY-SERVICE] [restartedMain] com.SpringSecurityLatestApplication      : Starting SpringSecurityLatestApplication using Java 21.0.5 with PID 22516 (C:\Users\2380378\Documents\workspace-spring-tool-suite-4-4.27.0.RELEASE\project\UserSecurity\target\classes started by 2380378 in C:\Users\2380378\Documents\workspace-spring-tool-suite-4-4.27.0.RELEASE\project\UserSecurity)
2025-03-03T10:19:39.160+05:30  INFO 22516 --- [SECURITY-SERVICE] [restartedMain] com.SpringSecurityLatestApplication      : No active profile set, falling back to 1 default profile: "default"
2025-03-03T10:19:39.265+05:30  INFO 22516 --- [SECURITY-SERVICE] [restartedMain] o.s.c.c.c.ConfigServerConfigDataLoader   : Fetching config from server at : http://localhost:1234
2025-03-03T10:19:39.267+05:30  INFO 22516 --- [SECURITY-SERVICE] [restartedMain] o.s.c.c.c.ConfigServerConfigDataLoader   : Located environment: name=SECURITY-SERVICE, profiles=[default], label=null, version=acf2e24bc3463176c2d2dfeb3ffc2ed4d2fa16a3, state=
2025-03-03T10:19:39.271+05:30  INFO 22516 --- [SECURITY-SERVICE] [restartedMain] .e.DevToolsPropertyDefaultsPostProcessor : Devtools property defaults active! Set 'spring.devtools.add-properties' to 'false' to disable
2025-03-03T10:19:39.272+05:30  INFO 22516 --- [SECURITY-SERVICE] [restartedMain] .e.DevToolsPropertyDefaultsPostProcessor : For additional web related logging consider setting the 'logging.level.web' property to 'DEBUG'
2025-03-03T10:19:41.953+05:30  INFO 22516 --- [SECURITY-SERVICE] [restartedMain] .s.d.r.c.RepositoryConfigurationDelegate : Bootstrapping Spring Data JPA repositories in DEFAULT mode.
2025-03-03T10:19:43.050+05:30  INFO 22516 --- [SECURITY-SERVICE] [restartedMain] .s.d.r.c.RepositoryConfigurationDelegate : Finished Spring Data repository scanning in 1081 ms. Found 1 JPA repository interface.
2025-03-03T10:19:43.424+05:30  INFO 22516 --- [SECURITY-SERVICE] [restartedMain] o.s.cloud.context.scope.GenericScope     : BeanFactory id=5539454f-7a07-34c0-b86d-090e6a762f3b
2025-03-03T10:19:44.152+05:30  INFO 22516 --- [SECURITY-SERVICE] [restartedMain] o.s.b.w.embedded.tomcat.TomcatWebServer  : Tomcat initialized with port 9194 (http)
2025-03-03T10:19:44.173+05:30  INFO 22516 --- [SECURITY-SERVICE] [restartedMain] o.apache.catalina.core.StandardService   : Starting service [Tomcat]
2025-03-03T10:19:44.173+05:30  INFO 22516 --- [SECURITY-SERVICE] [restartedMain] o.apache.catalina.core.StandardEngine    : Starting Servlet engine: [Apache Tomcat/10.1.34]
2025-03-03T10:19:44.277+05:30  INFO 22516 --- [SECURITY-SERVICE] [restartedMain] o.a.c.c.C.[Tomcat].[localhost].[/]       : Initializing Spring embedded WebApplicationContext
2025-03-03T10:19:44.278+05:30  INFO 22516 --- [SECURITY-SERVICE] [restartedMain] w.s.c.ServletWebServerApplicationContext : Root WebApplicationContext: initialization completed in 5004 ms
2025-03-03T10:19:44.604+05:30  INFO 22516 --- [SECURITY-SERVICE] [restartedMain] o.hibernate.jpa.internal.util.LogHelper  : HHH000204: Processing PersistenceUnitInfo [name: default]
2025-03-03T10:19:44.762+05:30  INFO 22516 --- [SECURITY-SERVICE] [restartedMain] org.hibernate.Version                    : HHH000412: Hibernate ORM core version 6.6.5.Final
2025-03-03T10:19:44.826+05:30  INFO 22516 --- [SECURITY-SERVICE] [restartedMain] o.h.c.internal.RegionFactoryInitiator    : HHH000026: Second-level cache disabled
2025-03-03T10:19:45.314+05:30  INFO 22516 --- [SECURITY-SERVICE] [restartedMain] o.s.o.j.p.SpringPersistenceUnitInfo      : No LoadTimeWeaver setup: ignoring JPA class transformer
2025-03-03T10:19:45.365+05:30  INFO 22516 --- [SECURITY-SERVICE] [restartedMain] com.zaxxer.hikari.HikariDataSource       : HikariPool-1 - Starting...
2025-03-03T10:19:45.736+05:30  INFO 22516 --- [SECURITY-SERVICE] [restartedMain] com.zaxxer.hikari.pool.HikariPool        : HikariPool-1 - Added connection com.mysql.cj.jdbc.ConnectionImpl@7397c985
2025-03-03T10:19:45.738+05:30  INFO 22516 --- [SECURITY-SERVICE] [restartedMain] com.zaxxer.hikari.HikariDataSource       : HikariPool-1 - Start completed.
2025-03-03T10:19:45.818+05:30  WARN 22516 --- [SECURITY-SERVICE] [restartedMain] org.hibernate.orm.deprecation            : HHH90000025: MySQLDialect does not need to be specified explicitly using 'hibernate.dialect' (remove the property setting and it will be selected by default)
2025-03-03T10:19:45.849+05:30  INFO 22516 --- [SECURITY-SERVICE] [restartedMain] org.hibernate.orm.connections.pooling    : HHH10001005: Database info:
	Database JDBC URL [Connecting through datasource 'HikariDataSource (HikariPool-1)']
	Database driver: undefined/unknown
	Database version: 8.0.40
	Autocommit mode: undefined/unknown
	Isolation level: undefined/unknown
	Minimum pool size: undefined/unknown
	Maximum pool size: undefined/unknown
2025-03-03T10:19:47.118+05:30  INFO 22516 --- [SECURITY-SERVICE] [restartedMain] o.h.e.t.j.p.i.JtaPlatformInitiator       : HHH000489: No JTA platform available (set 'hibernate.transaction.jta.platform' to enable JTA platform integration)
2025-03-03T10:19:47.196+05:30  INFO 22516 --- [SECURITY-SERVICE] [restartedMain] j.LocalContainerEntityManagerFactoryBean : Initialized JPA EntityManagerFactory for persistence unit 'default'
2025-03-03T10:19:47.768+05:30  INFO 22516 --- [SECURITY-SERVICE] [restartedMain] eAuthenticationProviderManagerConfigurer : Global AuthenticationManager configured with AuthenticationProvider bean with name authenticationProvider
2025-03-03T10:19:47.769+05:30  WARN 22516 --- [SECURITY-SERVICE] [restartedMain] r$InitializeUserDetailsManagerConfigurer : Global AuthenticationManager configured with an AuthenticationProvider bean. UserDetailsService beans will not be used by Spring Security for automatically configuring username/password login. Consider removing the AuthenticationProvider bean. Alternatively, consider using the UserDetailsService in a manually instantiated DaoAuthenticationProvider. If the current configuration is intentional, to turn off this warning, increase the logging level of 'org.springframework.security.config.annotation.authentication.configuration.InitializeUserDetailsBeanManagerConfigurer' to ERROR
2025-03-03T10:19:47.808+05:30  WARN 22516 --- [SECURITY-SERVICE] [restartedMain] JpaBaseConfiguration$JpaWebConfiguration : spring.jpa.open-in-view is enabled by default. Therefore, database queries may be performed during view rendering. Explicitly configure spring.jpa.open-in-view to disable this warning
2025-03-03T10:19:48.716+05:30  WARN 22516 --- [SECURITY-SERVICE] [restartedMain] o.s.b.d.a.OptionalLiveReloadServer       : Unable to start LiveReload server
2025-03-03T10:19:48.820+05:30  INFO 22516 --- [SECURITY-SERVICE] [restartedMain] DiscoveryClientOptionalArgsConfiguration : Eureka HTTP Client uses RestTemplate.
2025-03-03T10:19:48.891+05:30  WARN 22516 --- [SECURITY-SERVICE] [restartedMain] iguration$LoadBalancerCaffeineWarnLogger : Spring Cloud LoadBalancer is currently working with the default cache. While this cache implementation is useful for development and tests, it's recommended to use Caffeine cache in production.You can switch to using Caffeine cache, by adding it and org.springframework.cache.caffeine.CaffeineCacheManager to the classpath.
2025-03-03T10:19:48.963+05:30  INFO 22516 --- [SECURITY-SERVICE] [restartedMain] o.s.c.n.eureka.InstanceInfoFactory       : Setting initial instance status as: STARTING
2025-03-03T10:19:48.993+05:30  INFO 22516 --- [SECURITY-SERVICE] [restartedMain] com.netflix.discovery.DiscoveryClient    : Initializing Eureka in region us-east-1
2025-03-03T10:19:48.998+05:30  INFO 22516 --- [SECURITY-SERVICE] [restartedMain] c.n.d.s.r.aws.ConfigClusterResolver      : Resolving eureka endpoints via configuration
2025-03-03T10:19:49.015+05:30  INFO 22516 --- [SECURITY-SERVICE] [restartedMain] com.netflix.discovery.DiscoveryClient    : Disable delta property : false
2025-03-03T10:19:49.015+05:30  INFO 22516 --- [SECURITY-SERVICE] [restartedMain] com.netflix.discovery.DiscoveryClient    : Single vip registry refresh property : null
2025-03-03T10:19:49.015+05:30  INFO 22516 --- [SECURITY-SERVICE] [restartedMain] com.netflix.discovery.DiscoveryClient    : Force full registry fetch : false
2025-03-03T10:19:49.015+05:30  INFO 22516 --- [SECURITY-SERVICE] [restartedMain] com.netflix.discovery.DiscoveryClient    : Application is null : false
2025-03-03T10:19:49.015+05:30  INFO 22516 --- [SECURITY-SERVICE] [restartedMain] com.netflix.discovery.DiscoveryClient    : Registered Applications size is zero : true
2025-03-03T10:19:49.015+05:30  INFO 22516 --- [SECURITY-SERVICE] [restartedMain] com.netflix.discovery.DiscoveryClient    : Application version is -1: true
2025-03-03T10:19:49.015+05:30  INFO 22516 --- [SECURITY-SERVICE] [restartedMain] com.netflix.discovery.DiscoveryClient    : Getting all instance registry info from the eureka server
2025-03-03T10:19:49.490+05:30  INFO 22516 --- [SECURITY-SERVICE] [restartedMain] com.netflix.discovery.DiscoveryClient    : The response status is 200
2025-03-03T10:19:49.492+05:30  INFO 22516 --- [SECURITY-SERVICE] [restartedMain] com.netflix.discovery.DiscoveryClient    : Starting heartbeat executor: renew interval is: 30
2025-03-03T10:19:49.496+05:30  INFO 22516 --- [SECURITY-SERVICE] [restartedMain] c.n.discovery.InstanceInfoReplicator     : InstanceInfoReplicator onDemand update allowed rate per min is 4
2025-03-03T10:19:49.498+05:30  INFO 22516 --- [SECURITY-SERVICE] [restartedMain] com.netflix.discovery.DiscoveryClient    : Discovery Client initialized at timestamp 1740977389497 with initial instances count: 0
2025-03-03T10:19:49.505+05:30  INFO 22516 --- [SECURITY-SERVICE] [restartedMain] o.s.c.n.e.s.EurekaServiceRegistry        : Registering application SECURITY-SERVICE with eureka with status UP
2025-03-03T10:19:49.507+05:30  INFO 22516 --- [SECURITY-SERVICE] [restartedMain] com.netflix.discovery.DiscoveryClient    : Saw local status change event StatusChangeEvent [timestamp=1740977389507, current=UP, previous=STARTING]
2025-03-03T10:19:49.509+05:30  INFO 22516 --- [SECURITY-SERVICE] [DiscoveryClient-InstanceInfoReplicator-%d] com.netflix.discovery.DiscoveryClient    : DiscoveryClient_SECURITY-SERVICE/LTIN563691.cts.com:SECURITY-SERVICE:9194: registering service...
2025-03-03T10:19:49.550+05:30  INFO 22516 --- [SECURITY-SERVICE] [restartedMain] o.s.b.w.embedded.tomcat.TomcatWebServer  : Tomcat started on port 9194 (http) with context path '/'
2025-03-03T10:19:49.552+05:30  INFO 22516 --- [SECURITY-SERVICE] [restartedMain] .s.c.n.e.s.EurekaAutoServiceRegistration : Updating port to 9194
2025-03-03T10:19:49.567+05:30  INFO 22516 --- [SECURITY-SERVICE] [restartedMain] com.SpringSecurityLatestApplication      : Started SpringSecurityLatestApplication in 18.948 seconds (process running for 22.497)
2025-03-03T10:19:49.679+05:30  INFO 22516 --- [SECURITY-SERVICE] [DiscoveryClient-InstanceInfoReplicator-%d] com.netflix.discovery.DiscoveryClient    : DiscoveryClient_SECURITY-SERVICE/LTIN563691.cts.com:SECURITY-SERVICE:9194 - registration status: 204
2025-03-03T10:20:19.506+05:30  INFO 22516 --- [SECURITY-SERVICE] [DiscoveryClient-CacheRefreshExecutor-%d] com.netflix.discovery.DiscoveryClient    : Disable delta property : false
2025-03-03T10:20:19.507+05:30  INFO 22516 --- [SECURITY-SERVICE] [DiscoveryClient-CacheRefreshExecutor-%d] com.netflix.discovery.DiscoveryClient    : Single vip registry refresh property : null
2025-03-03T10:20:19.507+05:30  INFO 22516 --- [SECURITY-SERVICE] [DiscoveryClient-CacheRefreshExecutor-%d] com.netflix.discovery.DiscoveryClient    : Force full registry fetch : false
2025-03-03T10:20:19.507+05:30  INFO 22516 --- [SECURITY-SERVICE] [DiscoveryClient-CacheRefreshExecutor-%d] com.netflix.discovery.DiscoveryClient    : Application is null : false
2025-03-03T10:20:19.507+05:30  INFO 22516 --- [SECURITY-SERVICE] [DiscoveryClient-CacheRefreshExecutor-%d] com.netflix.discovery.DiscoveryClient    : Registered Applications size is zero : true
2025-03-03T10:20:19.507+05:30  INFO 22516 --- [SECURITY-SERVICE] [DiscoveryClient-CacheRefreshExecutor-%d] com.netflix.discovery.DiscoveryClient    : Application version is -1: false
2025-03-03T10:20:19.507+05:30  INFO 22516 --- [SECURITY-SERVICE] [DiscoveryClient-CacheRefreshExecutor-%d] com.netflix.discovery.DiscoveryClient    : Getting all instance registry info from the eureka server
2025-03-03T10:20:19.541+05:30  INFO 22516 --- [SECURITY-SERVICE] [DiscoveryClient-CacheRefreshExecutor-%d] com.netflix.discovery.DiscoveryClient    : The response status is 200
2025-03-03T10:24:49.021+05:30  INFO 22516 --- [SECURITY-SERVICE] [AsyncResolver-bootstrap-executor-%d] c.n.d.s.r.aws.ConfigClusterResolver      : Resolving eureka endpoints via configuration
2025-03-03T10:29:49.031+05:30  INFO 22516 --- [SECURITY-SERVICE] [AsyncResolver-bootstrap-executor-%d] c.n.d.s.r.aws.ConfigClusterResolver      : Resolving eureka endpoints via configuration
2025-03-03T10:31:56.738+05:30  INFO 22516 --- [SECURITY-SERVICE] [http-nio-9194-exec-2] o.a.c.c.C.[Tomcat].[localhost].[/]       : Initializing Spring DispatcherServlet 'dispatcherServlet'
2025-03-03T10:31:56.738+05:30  INFO 22516 --- [SECURITY-SERVICE] [http-nio-9194-exec-2] o.s.web.servlet.DispatcherServlet        : Initializing Servlet 'dispatcherServlet'
2025-03-03T10:31:56.742+05:30  INFO 22516 --- [SECURITY-SERVICE] [http-nio-9194-exec-2] o.s.web.servlet.DispatcherServlet        : Completed initialization in 2 ms
2025-03-03T10:34:49.046+05:30  INFO 22516 --- [SECURITY-SERVICE] [AsyncResolver-bootstrap-executor-%d] c.n.d.s.r.aws.ConfigClusterResolver      : Resolving eureka endpoints via configuration
2025-03-03T10:39:49.047+05:30  INFO 22516 --- [SECURITY-SERVICE] [AsyncResolver-bootstrap-executor-%d] c.n.d.s.r.aws.ConfigClusterResolver      : Resolving eureka endpoints via configuration
2025-03-03T10:44:49.057+05:30  INFO 22516 --- [SECURITY-SERVICE] [AsyncResolver-bootstrap-executor-%d] c.n.d.s.r.aws.ConfigClusterResolver      : Resolving eureka endpoints via configuration
2025-03-03T10:49:49.061+05:30  INFO 22516 --- [SECURITY-SERVICE] [AsyncResolver-bootstrap-executor-%d] c.n.d.s.r.aws.ConfigClusterResolver      : Resolving eureka endpoints via configuration
2025-03-03T10:54:49.068+05:30  INFO 22516 --- [SECURITY-SERVICE] [AsyncResolver-bootstrap-executor-%d] c.n.d.s.r.aws.ConfigClusterResolver      : Resolving eureka endpoints via configuration
2025-03-03T10:59:49.073+05:30  INFO 22516 --- [SECURITY-SERVICE] [AsyncResolver-bootstrap-executor-%d] c.n.d.s.r.aws.ConfigClusterResolver      : Resolving eureka endpoints via configuration
2025-03-03T11:04:49.083+05:30  INFO 22516 --- [SECURITY-SERVICE] [AsyncResolver-bootstrap-executor-%d] c.n.d.s.r.aws.ConfigClusterResolver      : Resolving eureka endpoints via configuration
2025-03-03T11:09:49.088+05:30  INFO 22516 --- [SECURITY-SERVICE] [AsyncResolver-bootstrap-executor-%d] c.n.d.s.r.aws.ConfigClusterResolver      : Resolving eureka endpoints via configuration
2025-03-03T11:14:49.094+05:30  INFO 22516 --- [SECURITY-SERVICE] [AsyncResolver-bootstrap-executor-%d] c.n.d.s.r.aws.ConfigClusterResolver      : Resolving eureka endpoints via configuration
