2025-03-05T04:46:18.917+05:30  INFO 31840 --- [ExpenseMicroservice] [AsyncResolver-bootstrap-executor-%d] c.n.d.s.r.aws.ConfigClusterResolver      : Resolving eureka endpoints via configuration
2025-03-05T04:46:19.299+05:30  WARN 31840 --- [ExpenseMicroservice] [HikariPool-2 housekeeper] com.zaxxer.hikari.pool.HikariPool        : HikariPool-2 - Thread starvation or clock leap detected (housekeeper delta=10h4m34s545ms472µs700ns).
2025-03-05T08:44:19.948+05:30  WARN 31840 --- [ExpenseMicroservice] [HikariPool-2 housekeeper] com.zaxxer.hikari.pool.HikariPool        : HikariPool-2 - Thread starvation or clock leap detected (housekeeper delta=3h58m8s253ms543µs700ns).
2025-03-05T08:48:49.666+05:30  INFO 31840 --- [ExpenseMicroservice] [AsyncResolver-bootstrap-executor-%d] c.n.d.s.r.aws.ConfigClusterResolver      : Resolving eureka endpoints via configuration
2025-03-05T09:00:55.422+05:30  WARN 31840 --- [ExpenseMicroservice] [HikariPool-2 housekeeper] com.zaxxer.hikari.pool.HikariPool        : HikariPool-2 - Thread starvation or clock leap detected (housekeeper delta=12m5s385ms986µs600ns).
2025-03-05T09:05:25.043+05:30  INFO 31840 --- [ExpenseMicroservice] [AsyncResolver-bootstrap-executor-%d] c.n.d.s.r.aws.ConfigClusterResolver      : Resolving eureka endpoints via configuration
2025-03-05T09:10:25.052+05:30  INFO 31840 --- [ExpenseMicroservice] [AsyncResolver-bootstrap-executor-%d] c.n.d.s.r.aws.ConfigClusterResolver      : Resolving eureka endpoints via configuration
2025-03-05T09:15:25.064+05:30  INFO 31840 --- [ExpenseMicroservice] [AsyncResolver-bootstrap-executor-%d] c.n.d.s.r.aws.ConfigClusterResolver      : Resolving eureka endpoints via configuration
2025-03-05T09:20:25.076+05:30  INFO 31840 --- [ExpenseMicroservice] [AsyncResolver-bootstrap-executor-%d] c.n.d.s.r.aws.ConfigClusterResolver      : Resolving eureka endpoints via configuration
2025-03-05T09:26:42.630+05:30  WARN 31840 --- [ExpenseMicroservice] [HikariPool-2 housekeeper] com.zaxxer.hikari.pool.HikariPool        : HikariPool-2 - Thread starvation or clock leap detected (housekeeper delta=4m15s869ms780µs800ns).
2025-03-05T09:29:11.950+05:30  INFO 31840 --- [ExpenseMicroservice] [AsyncResolver-bootstrap-executor-%d] c.n.d.s.r.aws.ConfigClusterResolver      : Resolving eureka endpoints via configuration
2025-03-05T09:33:58.889+05:30  INFO 31840 --- [ExpenseMicroservice] [http-nio-8082-exec-4] com.project.expense.aop.LoggingAspect    : Entering method: getExpenseByUserIdAndDateBetween with arguments: [7, 2025-02-03, 2025-03-05]
2025-03-05T09:33:58.920+05:30  INFO 31840 --- [ExpenseMicroservice] [http-nio-8082-exec-4] com.project.expense.aop.LoggingAspect    : Exiting method: getExpenseByUserIdAndDateBetween with result: [Expense(id=14, title=sfffffff, description=fsa, category=saf, amount=33.0, date=2025-03-03, userId=7), Expense(id=15, title=dsd, description=sdsd, category=s, amount=800.0, date=2025-03-02, userId=7), Expense(id=16, title=tr, description=yry, category=ry, amount=168.0, date=2025-03-02, userId=7), Expense(id=18, title=12, description=12, category=123, amount=11.0, date=2025-02-25, userId=7), Expense(id=22, title=214, description=erq, category=req, amount=233.0, date=2025-02-26, userId=7)]
2025-03-05T09:33:58.935+05:30  INFO 31840 --- [ExpenseMicroservice] [http-nio-8082-exec-5] com.project.expense.aop.LoggingAspect    : Entering method: getExpenseByUserIdAndDateBetween with arguments: [7, 2025-02-03, 2025-03-05]
2025-03-05T09:33:58.935+05:30  INFO 31840 --- [ExpenseMicroservice] [http-nio-8082-exec-5] com.project.expense.aop.LoggingAspect    : Exiting method: getExpenseByUserIdAndDateBetween with result: [Expense(id=14, title=sfffffff, description=fsa, category=saf, amount=33.0, date=2025-03-03, userId=7), Expense(id=15, title=dsd, description=sdsd, category=s, amount=800.0, date=2025-03-02, userId=7), Expense(id=16, title=tr, description=yry, category=ry, amount=168.0, date=2025-03-02, userId=7), Expense(id=18, title=12, description=12, category=123, amount=11.0, date=2025-02-25, userId=7), Expense(id=22, title=214, description=erq, category=req, amount=233.0, date=2025-02-26, userId=7)]
2025-03-05T09:33:59.024+05:30  INFO 31840 --- [ExpenseMicroservice] [http-nio-8082-exec-6] com.project.expense.aop.LoggingAspect    : Entering method: getTotalExpenses with arguments: [7]
2025-03-05T09:33:59.036+05:30  INFO 31840 --- [ExpenseMicroservice] [http-nio-8082-exec-6] com.project.expense.aop.LoggingAspect    : Exiting method: getTotalExpenses with result: 1525.0
2025-03-05T09:33:59.122+05:30  INFO 31840 --- [ExpenseMicroservice] [http-nio-8082-exec-7] com.project.expense.aop.LoggingAspect    : Entering method: getTotalExpenses with arguments: [7]
2025-03-05T09:33:59.122+05:30  INFO 31840 --- [ExpenseMicroservice] [http-nio-8082-exec-7] com.project.expense.aop.LoggingAspect    : Exiting method: getTotalExpenses with result: 1525.0
2025-03-05T09:34:11.960+05:30  INFO 31840 --- [ExpenseMicroservice] [AsyncResolver-bootstrap-executor-%d] c.n.d.s.r.aws.ConfigClusterResolver      : Resolving eureka endpoints via configuration
2025-03-05T09:39:11.964+05:30  INFO 31840 --- [ExpenseMicroservice] [AsyncResolver-bootstrap-executor-%d] c.n.d.s.r.aws.ConfigClusterResolver      : Resolving eureka endpoints via configuration
2025-03-05T09:44:11.972+05:30  INFO 31840 --- [ExpenseMicroservice] [AsyncResolver-bootstrap-executor-%d] c.n.d.s.r.aws.ConfigClusterResolver      : Resolving eureka endpoints via configuration
2025-03-05T09:49:11.972+05:30  INFO 31840 --- [ExpenseMicroservice] [AsyncResolver-bootstrap-executor-%d] c.n.d.s.r.aws.ConfigClusterResolver      : Resolving eureka endpoints via configuration
2025-03-05T09:54:11.975+05:30  INFO 31840 --- [ExpenseMicroservice] [AsyncResolver-bootstrap-executor-%d] c.n.d.s.r.aws.ConfigClusterResolver      : Resolving eureka endpoints via configuration
2025-03-05T09:59:11.982+05:30  INFO 31840 --- [ExpenseMicroservice] [AsyncResolver-bootstrap-executor-%d] c.n.d.s.r.aws.ConfigClusterResolver      : Resolving eureka endpoints via configuration
2025-03-05T10:04:11.984+05:30  INFO 31840 --- [ExpenseMicroservice] [AsyncResolver-bootstrap-executor-%d] c.n.d.s.r.aws.ConfigClusterResolver      : Resolving eureka endpoints via configuration
2025-03-05T10:05:04.561+05:30  INFO 31840 --- [ExpenseMicroservice] [http-nio-8082-exec-10] com.project.expense.aop.LoggingAspect    : Entering method: getExpenseByUserIdAndDateBetween with arguments: [7, 2025-02-03, 2025-03-05]
2025-03-05T10:05:04.572+05:30  INFO 31840 --- [ExpenseMicroservice] [http-nio-8082-exec-10] com.project.expense.aop.LoggingAspect    : Exiting method: getExpenseByUserIdAndDateBetween with result: [Expense(id=14, title=sfffffff, description=fsa, category=saf, amount=33.0, date=2025-03-03, userId=7), Expense(id=15, title=dsd, description=sdsd, category=s, amount=800.0, date=2025-03-02, userId=7), Expense(id=16, title=tr, description=yry, category=ry, amount=168.0, date=2025-03-02, userId=7), Expense(id=18, title=12, description=12, category=123, amount=11.0, date=2025-02-25, userId=7), Expense(id=22, title=214, description=erq, category=req, amount=233.0, date=2025-02-26, userId=7)]
2025-03-05T10:05:04.588+05:30  INFO 31840 --- [ExpenseMicroservice] [http-nio-8082-exec-2] com.project.expense.aop.LoggingAspect    : Entering method: getExpenseByUserIdAndDateBetween with arguments: [7, 2025-02-03, 2025-03-05]
2025-03-05T10:05:04.593+05:30  INFO 31840 --- [ExpenseMicroservice] [http-nio-8082-exec-3] com.project.expense.aop.LoggingAspect    : Entering method: getTotalExpenses with arguments: [7]
2025-03-05T10:05:04.594+05:30  INFO 31840 --- [ExpenseMicroservice] [http-nio-8082-exec-2] com.project.expense.aop.LoggingAspect    : Exiting method: getExpenseByUserIdAndDateBetween with result: [Expense(id=14, title=sfffffff, description=fsa, category=saf, amount=33.0, date=2025-03-03, userId=7), Expense(id=15, title=dsd, description=sdsd, category=s, amount=800.0, date=2025-03-02, userId=7), Expense(id=16, title=tr, description=yry, category=ry, amount=168.0, date=2025-03-02, userId=7), Expense(id=18, title=12, description=12, category=123, amount=11.0, date=2025-02-25, userId=7), Expense(id=22, title=214, description=erq, category=req, amount=233.0, date=2025-02-26, userId=7)]
2025-03-05T10:05:04.601+05:30  INFO 31840 --- [ExpenseMicroservice] [http-nio-8082-exec-3] com.project.expense.aop.LoggingAspect    : Exiting method: getTotalExpenses with result: 1525.0
2025-03-05T10:05:04.649+05:30  INFO 31840 --- [ExpenseMicroservice] [http-nio-8082-exec-1] com.project.expense.aop.LoggingAspect    : Entering method: getTotalExpenses with arguments: [7]
2025-03-05T10:05:04.651+05:30  INFO 31840 --- [ExpenseMicroservice] [http-nio-8082-exec-1] com.project.expense.aop.LoggingAspect    : Exiting method: getTotalExpenses with result: 1525.0
2025-03-05T10:09:11.993+05:30  INFO 31840 --- [ExpenseMicroservice] [AsyncResolver-bootstrap-executor-%d] c.n.d.s.r.aws.ConfigClusterResolver      : Resolving eureka endpoints via configuration
2025-03-05T10:14:11.994+05:30  INFO 31840 --- [ExpenseMicroservice] [AsyncResolver-bootstrap-executor-%d] c.n.d.s.r.aws.ConfigClusterResolver      : Resolving eureka endpoints via configuration
2025-03-05T10:19:11.998+05:30  INFO 31840 --- [ExpenseMicroservice] [AsyncResolver-bootstrap-executor-%d] c.n.d.s.r.aws.ConfigClusterResolver      : Resolving eureka endpoints via configuration
2025-03-05T10:36:49.498+05:30  WARN 31840 --- [ExpenseMicroservice] [HikariPool-2 housekeeper] com.zaxxer.hikari.pool.HikariPool        : HikariPool-2 - Thread starvation or clock leap detected (housekeeper delta=15m6s39ms398µs100ns).
2025-03-05T10:38:48.041+05:30  INFO 31840 --- [ExpenseMicroservice] [AsyncResolver-bootstrap-executor-%d] c.n.d.s.r.aws.ConfigClusterResolver      : Resolving eureka endpoints via configuration
2025-03-05T10:43:48.054+05:30  INFO 31840 --- [ExpenseMicroservice] [AsyncResolver-bootstrap-executor-%d] c.n.d.s.r.aws.ConfigClusterResolver      : Resolving eureka endpoints via configuration
2025-03-05T10:48:48.069+05:30  INFO 31840 --- [ExpenseMicroservice] [AsyncResolver-bootstrap-executor-%d] c.n.d.s.r.aws.ConfigClusterResolver      : Resolving eureka endpoints via configuration
2025-03-05T10:53:48.070+05:30  INFO 31840 --- [ExpenseMicroservice] [AsyncResolver-bootstrap-executor-%d] c.n.d.s.r.aws.ConfigClusterResolver      : Resolving eureka endpoints via configuration
2025-03-05T10:58:48.081+05:30  INFO 31840 --- [ExpenseMicroservice] [AsyncResolver-bootstrap-executor-%d] c.n.d.s.r.aws.ConfigClusterResolver      : Resolving eureka endpoints via configuration
2025-03-05T11:03:48.094+05:30  INFO 31840 --- [ExpenseMicroservice] [AsyncResolver-bootstrap-executor-%d] c.n.d.s.r.aws.ConfigClusterResolver      : Resolving eureka endpoints via configuration
2025-03-05T11:08:48.098+05:30  INFO 31840 --- [ExpenseMicroservice] [AsyncResolver-bootstrap-executor-%d] c.n.d.s.r.aws.ConfigClusterResolver      : Resolving eureka endpoints via configuration
2025-03-05T11:13:48.111+05:30  INFO 31840 --- [ExpenseMicroservice] [AsyncResolver-bootstrap-executor-%d] c.n.d.s.r.aws.ConfigClusterResolver      : Resolving eureka endpoints via configuration
2025-03-05T11:18:48.118+05:30  INFO 31840 --- [ExpenseMicroservice] [AsyncResolver-bootstrap-executor-%d] c.n.d.s.r.aws.ConfigClusterResolver      : Resolving eureka endpoints via configuration
2025-03-05T11:23:48.134+05:30  INFO 31840 --- [ExpenseMicroservice] [AsyncResolver-bootstrap-executor-%d] c.n.d.s.r.aws.ConfigClusterResolver      : Resolving eureka endpoints via configuration
2025-03-05T11:28:48.143+05:30  INFO 31840 --- [ExpenseMicroservice] [AsyncResolver-bootstrap-executor-%d] c.n.d.s.r.aws.ConfigClusterResolver      : Resolving eureka endpoints via configuration
2025-03-05T11:33:48.150+05:30  INFO 31840 --- [ExpenseMicroservice] [AsyncResolver-bootstrap-executor-%d] c.n.d.s.r.aws.ConfigClusterResolver      : Resolving eureka endpoints via configuration
2025-03-05T11:41:13.557+05:30  WARN 31840 --- [ExpenseMicroservice] [HikariPool-2 housekeeper] com.zaxxer.hikari.pool.HikariPool        : HikariPool-2 - Thread starvation or clock leap detected (housekeeper delta=4m23s210ms883µs200ns).
2025-03-05T11:42:41.357+05:30  INFO 31840 --- [ExpenseMicroservice] [AsyncResolver-bootstrap-executor-%d] c.n.d.s.r.aws.ConfigClusterResolver      : Resolving eureka endpoints via configuration
2025-03-05T11:47:41.366+05:30  INFO 31840 --- [ExpenseMicroservice] [AsyncResolver-bootstrap-executor-%d] c.n.d.s.r.aws.ConfigClusterResolver      : Resolving eureka endpoints via configuration
2025-03-05T11:52:41.378+05:30  INFO 31840 --- [ExpenseMicroservice] [AsyncResolver-bootstrap-executor-%d] c.n.d.s.r.aws.ConfigClusterResolver      : Resolving eureka endpoints via configuration
2025-03-05T11:58:13.174+05:30  WARN 31840 --- [ExpenseMicroservice] [HikariPool-2 housekeeper] com.zaxxer.hikari.pool.HikariPool        : HikariPool-2 - Thread starvation or clock leap detected (housekeeper delta=4m59s452ms539µs600ns).
2025-03-05T12:02:10.833+05:30  INFO 31840 --- [ExpenseMicroservice] [AsyncResolver-bootstrap-executor-%d] c.n.d.s.r.aws.ConfigClusterResolver      : Resolving eureka endpoints via configuration
2025-03-05T12:07:10.838+05:30  INFO 31840 --- [ExpenseMicroservice] [AsyncResolver-bootstrap-executor-%d] c.n.d.s.r.aws.ConfigClusterResolver      : Resolving eureka endpoints via configuration
2025-03-05T12:12:10.851+05:30  INFO 31840 --- [ExpenseMicroservice] [AsyncResolver-bootstrap-executor-%d] c.n.d.s.r.aws.ConfigClusterResolver      : Resolving eureka endpoints via configuration
2025-03-05T12:17:10.856+05:30  INFO 31840 --- [ExpenseMicroservice] [AsyncResolver-bootstrap-executor-%d] c.n.d.s.r.aws.ConfigClusterResolver      : Resolving eureka endpoints via configuration
2025-03-05T12:22:10.862+05:30  INFO 31840 --- [ExpenseMicroservice] [AsyncResolver-bootstrap-executor-%d] c.n.d.s.r.aws.ConfigClusterResolver      : Resolving eureka endpoints via configuration
2025-03-05T12:27:10.872+05:30  INFO 31840 --- [ExpenseMicroservice] [AsyncResolver-bootstrap-executor-%d] c.n.d.s.r.aws.ConfigClusterResolver      : Resolving eureka endpoints via configuration
2025-03-05T12:32:10.882+05:30  INFO 31840 --- [ExpenseMicroservice] [AsyncResolver-bootstrap-executor-%d] c.n.d.s.r.aws.ConfigClusterResolver      : Resolving eureka endpoints via configuration
2025-03-05T12:37:10.888+05:30  INFO 31840 --- [ExpenseMicroservice] [AsyncResolver-bootstrap-executor-%d] c.n.d.s.r.aws.ConfigClusterResolver      : Resolving eureka endpoints via configuration
2025-03-05T12:42:10.897+05:30  INFO 31840 --- [ExpenseMicroservice] [AsyncResolver-bootstrap-executor-%d] c.n.d.s.r.aws.ConfigClusterResolver      : Resolving eureka endpoints via configuration
2025-03-05T12:47:10.899+05:30  INFO 31840 --- [ExpenseMicroservice] [AsyncResolver-bootstrap-executor-%d] c.n.d.s.r.aws.ConfigClusterResolver      : Resolving eureka endpoints via configuration
2025-03-05T12:52:10.903+05:30  INFO 31840 --- [ExpenseMicroservice] [AsyncResolver-bootstrap-executor-%d] c.n.d.s.r.aws.ConfigClusterResolver      : Resolving eureka endpoints via configuration
2025-03-05T12:57:10.905+05:30  INFO 31840 --- [ExpenseMicroservice] [AsyncResolver-bootstrap-executor-%d] c.n.d.s.r.aws.ConfigClusterResolver      : Resolving eureka endpoints via configuration
2025-03-05T12:57:48.348+05:30  INFO 31840 --- [ExpenseMicroservice] [File Watcher] rtingClassPathChangeChangedEventListener : Restarting due to 2 class path changes (0 additions, 0 deletions, 2 modifications)
2025-03-05T12:57:48.369+05:30  INFO 31840 --- [ExpenseMicroservice] [Thread-7] o.s.c.n.e.s.EurekaServiceRegistry        : Unregistering application EXPENSEMICROSERVICE with eureka with status DOWN
2025-03-05T12:57:48.370+05:30  INFO 31840 --- [ExpenseMicroservice] [Thread-7] com.netflix.discovery.DiscoveryClient    : Saw local status change event StatusChangeEvent [timestamp=1741159668370, current=DOWN, previous=UP]
2025-03-05T12:57:48.372+05:30  INFO 31840 --- [ExpenseMicroservice] [DiscoveryClient-InstanceInfoReplicator-%d] com.netflix.discovery.DiscoveryClient    : DiscoveryClient_EXPENSEMICROSERVICE/LTIN563691.cts.com:ExpenseMicroservice:8082: registering service...
2025-03-05T12:57:48.411+05:30  INFO 31840 --- [ExpenseMicroservice] [Thread-7] o.s.b.w.e.tomcat.GracefulShutdown        : Commencing graceful shutdown. Waiting for active requests to complete
2025-03-05T12:57:48.421+05:30  INFO 31840 --- [ExpenseMicroservice] [DiscoveryClient-InstanceInfoReplicator-%d] com.netflix.discovery.DiscoveryClient    : DiscoveryClient_EXPENSEMICROSERVICE/LTIN563691.cts.com:ExpenseMicroservice:8082 - registration status: 204
2025-03-05T12:57:48.435+05:30  INFO 31840 --- [ExpenseMicroservice] [tomcat-shutdown] o.s.b.w.e.tomcat.GracefulShutdown        : Graceful shutdown complete
2025-03-05T12:57:48.471+05:30  INFO 31840 --- [ExpenseMicroservice] [Thread-7] j.LocalContainerEntityManagerFactoryBean : Closing JPA EntityManagerFactory for persistence unit 'default'
2025-03-05T12:57:48.497+05:30  INFO 31840 --- [ExpenseMicroservice] [Thread-7] com.zaxxer.hikari.HikariDataSource       : HikariPool-2 - Shutdown initiated...
2025-03-05T12:57:48.507+05:30  INFO 31840 --- [ExpenseMicroservice] [Thread-7] com.zaxxer.hikari.HikariDataSource       : HikariPool-2 - Shutdown completed.
2025-03-05T12:57:48.510+05:30  INFO 31840 --- [ExpenseMicroservice] [Thread-7] com.netflix.discovery.DiscoveryClient    : Shutting down DiscoveryClient ...
2025-03-05T12:57:51.515+05:30  INFO 31840 --- [ExpenseMicroservice] [Thread-7] com.netflix.discovery.DiscoveryClient    : Unregistering ...
2025-03-05T12:57:51.534+05:30  INFO 31840 --- [ExpenseMicroservice] [Thread-7] com.netflix.discovery.DiscoveryClient    : DiscoveryClient_EXPENSEMICROSERVICE/LTIN563691.cts.com:ExpenseMicroservice:8082 - deregister  status: 200
2025-03-05T12:57:51.535+05:30  INFO 31840 --- [ExpenseMicroservice] [Thread-7] com.netflix.discovery.DiscoveryClient    : Completed shut down of DiscoveryClient
2025-03-05T12:57:53.485+05:30  INFO 31840 --- [ExpenseMicroservice] [restartedMain] c.p.e.ExpenseMicroserviceApplication     : Starting ExpenseMicroserviceApplication using Java 23.0.1 with PID 31840 (C:\Users\2380378\git\repository2\ExpenseMicroservice\target\classes started by 2380378 in C:\Users\2380378\git\repository2\ExpenseMicroservice)
2025-03-05T12:57:53.486+05:30  INFO 31840 --- [ExpenseMicroservice] [restartedMain] c.p.e.ExpenseMicroserviceApplication     : No active profile set, falling back to 1 default profile: "default"
2025-03-05T12:57:53.489+05:30  INFO 31840 --- [ExpenseMicroservice] [restartedMain] o.s.c.c.c.ConfigServerConfigDataLoader   : Fetching config from server at : http://localhost:1234
2025-03-05T12:57:53.489+05:30  INFO 31840 --- [ExpenseMicroservice] [restartedMain] o.s.c.c.c.ConfigServerConfigDataLoader   : Located environment: name=ExpenseMicroservice, profiles=[default], label=null, version=acf2e24bc3463176c2d2dfeb3ffc2ed4d2fa16a3, state=
2025-03-05T12:57:53.777+05:30  INFO 31840 --- [ExpenseMicroservice] [restartedMain] .s.d.r.c.RepositoryConfigurationDelegate : Bootstrapping Spring Data JPA repositories in DEFAULT mode.
2025-03-05T12:57:53.796+05:30  INFO 31840 --- [ExpenseMicroservice] [restartedMain] .s.d.r.c.RepositoryConfigurationDelegate : Finished Spring Data repository scanning in 15 ms. Found 1 JPA repository interface.
2025-03-05T12:57:53.968+05:30  INFO 31840 --- [ExpenseMicroservice] [restartedMain] o.s.cloud.context.scope.GenericScope     : BeanFactory id=1683e4fa-abdb-3dd9-8f22-dfdb26a9aeba
2025-03-05T12:57:54.324+05:30  INFO 31840 --- [ExpenseMicroservice] [restartedMain] o.s.b.w.embedded.tomcat.TomcatWebServer  : Tomcat initialized with port 8082 (http)
2025-03-05T12:57:54.329+05:30  INFO 31840 --- [ExpenseMicroservice] [restartedMain] o.apache.catalina.core.StandardService   : Starting service [Tomcat]
2025-03-05T12:57:54.329+05:30  INFO 31840 --- [ExpenseMicroservice] [restartedMain] o.apache.catalina.core.StandardEngine    : Starting Servlet engine: [Apache Tomcat/10.1.34]
2025-03-05T12:57:54.384+05:30  INFO 31840 --- [ExpenseMicroservice] [restartedMain] o.a.c.c.C.[Tomcat].[localhost].[/]       : Initializing Spring embedded WebApplicationContext
2025-03-05T12:57:54.384+05:30  INFO 31840 --- [ExpenseMicroservice] [restartedMain] w.s.c.ServletWebServerApplicationContext : Root WebApplicationContext: initialization completed in 894 ms
2025-03-05T12:57:54.467+05:30  INFO 31840 --- [ExpenseMicroservice] [restartedMain] o.hibernate.jpa.internal.util.LogHelper  : HHH000204: Processing PersistenceUnitInfo [name: default]
2025-03-05T12:57:54.469+05:30  INFO 31840 --- [ExpenseMicroservice] [restartedMain] o.h.c.internal.RegionFactoryInitiator    : HHH000026: Second-level cache disabled
2025-03-05T12:57:54.490+05:30  INFO 31840 --- [ExpenseMicroservice] [restartedMain] o.s.o.j.p.SpringPersistenceUnitInfo      : No LoadTimeWeaver setup: ignoring JPA class transformer
2025-03-05T12:57:54.491+05:30  INFO 31840 --- [ExpenseMicroservice] [restartedMain] com.zaxxer.hikari.HikariDataSource       : HikariPool-3 - Starting...
2025-03-05T12:57:54.508+05:30  INFO 31840 --- [ExpenseMicroservice] [restartedMain] com.zaxxer.hikari.pool.HikariPool        : HikariPool-3 - Added connection com.mysql.cj.jdbc.ConnectionImpl@4e4ca76e
2025-03-05T12:57:54.509+05:30  INFO 31840 --- [ExpenseMicroservice] [restartedMain] com.zaxxer.hikari.HikariDataSource       : HikariPool-3 - Start completed.
2025-03-05T12:57:54.512+05:30  WARN 31840 --- [ExpenseMicroservice] [restartedMain] org.hibernate.orm.deprecation            : HHH90000025: MySQLDialect does not need to be specified explicitly using 'hibernate.dialect' (remove the property setting and it will be selected by default)
2025-03-05T12:57:54.513+05:30  INFO 31840 --- [ExpenseMicroservice] [restartedMain] org.hibernate.orm.connections.pooling    : HHH10001005: Database info:
	Database JDBC URL [Connecting through datasource 'HikariDataSource (HikariPool-3)']
	Database driver: undefined/unknown
	Database version: 8.0.40
	Autocommit mode: undefined/unknown
	Isolation level: undefined/unknown
	Minimum pool size: undefined/unknown
	Maximum pool size: undefined/unknown
2025-03-05T12:57:54.585+05:30  INFO 31840 --- [ExpenseMicroservice] [restartedMain] o.h.e.t.j.p.i.JtaPlatformInitiator       : HHH000489: No JTA platform available (set 'hibernate.transaction.jta.platform' to enable JTA platform integration)
2025-03-05T12:57:54.614+05:30  INFO 31840 --- [ExpenseMicroservice] [restartedMain] j.LocalContainerEntityManagerFactoryBean : Initialized JPA EntityManagerFactory for persistence unit 'default'
2025-03-05T12:57:54.940+05:30  WARN 31840 --- [ExpenseMicroservice] [restartedMain] JpaBaseConfiguration$JpaWebConfiguration : spring.jpa.open-in-view is enabled by default. Therefore, database queries may be performed during view rendering. Explicitly configure spring.jpa.open-in-view to disable this warning
2025-03-05T12:57:55.298+05:30  WARN 31840 --- [ExpenseMicroservice] [restartedMain] o.s.b.d.a.OptionalLiveReloadServer       : Unable to start LiveReload server
2025-03-05T12:57:55.354+05:30  INFO 31840 --- [ExpenseMicroservice] [restartedMain] DiscoveryClientOptionalArgsConfiguration : Eureka HTTP Client uses RestTemplate.
2025-03-05T12:57:55.388+05:30  WARN 31840 --- [ExpenseMicroservice] [restartedMain] iguration$LoadBalancerCaffeineWarnLogger : Spring Cloud LoadBalancer is currently working with the default cache. While this cache implementation is useful for development and tests, it's recommended to use Caffeine cache in production.You can switch to using Caffeine cache, by adding it and org.springframework.cache.caffeine.CaffeineCacheManager to the classpath.
2025-03-05T12:57:55.443+05:30  INFO 31840 --- [ExpenseMicroservice] [restartedMain] o.s.c.n.eureka.InstanceInfoFactory       : Setting initial instance status as: STARTING
2025-03-05T12:57:55.448+05:30  INFO 31840 --- [ExpenseMicroservice] [restartedMain] com.netflix.discovery.DiscoveryClient    : Initializing Eureka in region us-east-1
2025-03-05T12:57:55.448+05:30  INFO 31840 --- [ExpenseMicroservice] [restartedMain] c.n.d.s.r.aws.ConfigClusterResolver      : Resolving eureka endpoints via configuration
2025-03-05T12:57:55.449+05:30  INFO 31840 --- [ExpenseMicroservice] [restartedMain] com.netflix.discovery.DiscoveryClient    : Disable delta property : false
2025-03-05T12:57:55.449+05:30  INFO 31840 --- [ExpenseMicroservice] [restartedMain] com.netflix.discovery.DiscoveryClient    : Single vip registry refresh property : null
2025-03-05T12:57:55.449+05:30  INFO 31840 --- [ExpenseMicroservice] [restartedMain] com.netflix.discovery.DiscoveryClient    : Force full registry fetch : false
2025-03-05T12:57:55.449+05:30  INFO 31840 --- [ExpenseMicroservice] [restartedMain] com.netflix.discovery.DiscoveryClient    : Application is null : false
2025-03-05T12:57:55.449+05:30  INFO 31840 --- [ExpenseMicroservice] [restartedMain] com.netflix.discovery.DiscoveryClient    : Registered Applications size is zero : true
2025-03-05T12:57:55.449+05:30  INFO 31840 --- [ExpenseMicroservice] [restartedMain] com.netflix.discovery.DiscoveryClient    : Application version is -1: true
2025-03-05T12:57:55.449+05:30  INFO 31840 --- [ExpenseMicroservice] [restartedMain] com.netflix.discovery.DiscoveryClient    : Getting all instance registry info from the eureka server
2025-03-05T12:57:55.499+05:30  INFO 31840 --- [ExpenseMicroservice] [restartedMain] com.netflix.discovery.DiscoveryClient    : The response status is 200
2025-03-05T12:57:55.499+05:30  INFO 31840 --- [ExpenseMicroservice] [restartedMain] com.netflix.discovery.DiscoveryClient    : Starting heartbeat executor: renew interval is: 30
2025-03-05T12:57:55.499+05:30  INFO 31840 --- [ExpenseMicroservice] [restartedMain] c.n.discovery.InstanceInfoReplicator     : InstanceInfoReplicator onDemand update allowed rate per min is 4
2025-03-05T12:57:55.500+05:30  INFO 31840 --- [ExpenseMicroservice] [restartedMain] com.netflix.discovery.DiscoveryClient    : Discovery Client initialized at timestamp 1741159675499 with initial instances count: 5
2025-03-05T12:57:55.504+05:30  INFO 31840 --- [ExpenseMicroservice] [restartedMain] o.s.c.n.e.s.EurekaServiceRegistry        : Registering application EXPENSEMICROSERVICE with eureka with status UP
2025-03-05T12:57:55.504+05:30  INFO 31840 --- [ExpenseMicroservice] [restartedMain] com.netflix.discovery.DiscoveryClient    : Saw local status change event StatusChangeEvent [timestamp=1741159675504, current=UP, previous=STARTING]
2025-03-05T12:57:55.505+05:30  INFO 31840 --- [ExpenseMicroservice] [DiscoveryClient-InstanceInfoReplicator-%d] com.netflix.discovery.DiscoveryClient    : DiscoveryClient_EXPENSEMICROSERVICE/LTIN563691.cts.com:ExpenseMicroservice:8082: registering service...
2025-03-05T12:57:55.517+05:30  INFO 31840 --- [ExpenseMicroservice] [restartedMain] o.s.b.w.embedded.tomcat.TomcatWebServer  : Tomcat started on port 8082 (http) with context path '/'
2025-03-05T12:57:55.518+05:30  INFO 31840 --- [ExpenseMicroservice] [restartedMain] .s.c.n.e.s.EurekaAutoServiceRegistration : Updating port to 8082
2025-03-05T12:57:55.529+05:30  INFO 31840 --- [ExpenseMicroservice] [restartedMain] c.p.e.ExpenseMicroserviceApplication     : Started ExpenseMicroserviceApplication in 3.451 seconds (process running for 100005.485)
2025-03-05T12:57:55.532+05:30  INFO 31840 --- [ExpenseMicroservice] [restartedMain] .ConditionEvaluationDeltaLoggingListener : Condition evaluation unchanged
2025-03-05T12:57:55.588+05:30  INFO 31840 --- [ExpenseMicroservice] [DiscoveryClient-InstanceInfoReplicator-%d] com.netflix.discovery.DiscoveryClient    : DiscoveryClient_EXPENSEMICROSERVICE/LTIN563691.cts.com:ExpenseMicroservice:8082 - registration status: 204
2025-03-05T12:57:56.753+05:30  INFO 31840 --- [ExpenseMicroservice] [File Watcher] rtingClassPathChangeChangedEventListener : Restarting due to 1 class path change (0 additions, 0 deletions, 1 modification)
2025-03-05T12:57:56.754+05:30  INFO 31840 --- [ExpenseMicroservice] [Thread-13] o.s.c.n.e.s.EurekaServiceRegistry        : Unregistering application EXPENSEMICROSERVICE with eureka with status DOWN
2025-03-05T12:57:56.754+05:30  INFO 31840 --- [ExpenseMicroservice] [Thread-13] com.netflix.discovery.DiscoveryClient    : Saw local status change event StatusChangeEvent [timestamp=1741159676754, current=DOWN, previous=UP]
2025-03-05T12:57:56.754+05:30  INFO 31840 --- [ExpenseMicroservice] [DiscoveryClient-InstanceInfoReplicator-%d] com.netflix.discovery.DiscoveryClient    : DiscoveryClient_EXPENSEMICROSERVICE/LTIN563691.cts.com:ExpenseMicroservice:8082: registering service...
2025-03-05T12:57:56.754+05:30  INFO 31840 --- [ExpenseMicroservice] [Thread-13] o.s.b.w.e.tomcat.GracefulShutdown        : Commencing graceful shutdown. Waiting for active requests to complete
2025-03-05T12:57:56.759+05:30  INFO 31840 --- [ExpenseMicroservice] [DiscoveryClient-InstanceInfoReplicator-%d] com.netflix.discovery.DiscoveryClient    : DiscoveryClient_EXPENSEMICROSERVICE/LTIN563691.cts.com:ExpenseMicroservice:8082 - registration status: 204
2025-03-05T12:57:56.760+05:30  INFO 31840 --- [ExpenseMicroservice] [tomcat-shutdown] o.s.b.w.e.tomcat.GracefulShutdown        : Graceful shutdown complete
2025-03-05T12:57:56.763+05:30  INFO 31840 --- [ExpenseMicroservice] [Thread-13] j.LocalContainerEntityManagerFactoryBean : Closing JPA EntityManagerFactory for persistence unit 'default'
2025-03-05T12:57:56.763+05:30  INFO 31840 --- [ExpenseMicroservice] [Thread-13] com.zaxxer.hikari.HikariDataSource       : HikariPool-3 - Shutdown initiated...
2025-03-05T12:57:56.766+05:30  INFO 31840 --- [ExpenseMicroservice] [Thread-13] com.zaxxer.hikari.HikariDataSource       : HikariPool-3 - Shutdown completed.
2025-03-05T12:57:56.767+05:30  INFO 31840 --- [ExpenseMicroservice] [Thread-13] com.netflix.discovery.DiscoveryClient    : Shutting down DiscoveryClient ...
2025-03-05T12:57:59.782+05:30  INFO 31840 --- [ExpenseMicroservice] [Thread-13] com.netflix.discovery.DiscoveryClient    : Unregistering ...
2025-03-05T12:57:59.801+05:30  INFO 31840 --- [ExpenseMicroservice] [Thread-13] com.netflix.discovery.DiscoveryClient    : DiscoveryClient_EXPENSEMICROSERVICE/LTIN563691.cts.com:ExpenseMicroservice:8082 - deregister  status: 200
2025-03-05T12:57:59.801+05:30  INFO 31840 --- [ExpenseMicroservice] [Thread-13] com.netflix.discovery.DiscoveryClient    : Completed shut down of DiscoveryClient
2025-03-05T12:58:01.004+05:30  INFO 31840 --- [ExpenseMicroservice] [restartedMain] c.p.e.ExpenseMicroserviceApplication     : Starting ExpenseMicroserviceApplication using Java 23.0.1 with PID 31840 (C:\Users\2380378\git\repository2\ExpenseMicroservice\target\classes started by 2380378 in C:\Users\2380378\git\repository2\ExpenseMicroservice)
2025-03-05T12:58:01.004+05:30  INFO 31840 --- [ExpenseMicroservice] [restartedMain] c.p.e.ExpenseMicroserviceApplication     : No active profile set, falling back to 1 default profile: "default"
2025-03-05T12:58:01.006+05:30  INFO 31840 --- [ExpenseMicroservice] [restartedMain] o.s.c.c.c.ConfigServerConfigDataLoader   : Fetching config from server at : http://localhost:1234
2025-03-05T12:58:01.006+05:30  INFO 31840 --- [ExpenseMicroservice] [restartedMain] o.s.c.c.c.ConfigServerConfigDataLoader   : Located environment: name=ExpenseMicroservice, profiles=[default], label=null, version=acf2e24bc3463176c2d2dfeb3ffc2ed4d2fa16a3, state=
2025-03-05T12:58:01.238+05:30  INFO 31840 --- [ExpenseMicroservice] [restartedMain] .s.d.r.c.RepositoryConfigurationDelegate : Bootstrapping Spring Data JPA repositories in DEFAULT mode.
2025-03-05T12:58:01.249+05:30  INFO 31840 --- [ExpenseMicroservice] [restartedMain] .s.d.r.c.RepositoryConfigurationDelegate : Finished Spring Data repository scanning in 10 ms. Found 1 JPA repository interface.
2025-03-05T12:58:01.313+05:30  INFO 31840 --- [ExpenseMicroservice] [restartedMain] o.s.cloud.context.scope.GenericScope     : BeanFactory id=1683e4fa-abdb-3dd9-8f22-dfdb26a9aeba
2025-03-05T12:58:01.439+05:30  INFO 31840 --- [ExpenseMicroservice] [restartedMain] o.s.b.w.embedded.tomcat.TomcatWebServer  : Tomcat initialized with port 8082 (http)
2025-03-05T12:58:01.439+05:30  INFO 31840 --- [ExpenseMicroservice] [restartedMain] o.apache.catalina.core.StandardService   : Starting service [Tomcat]
2025-03-05T12:58:01.439+05:30  INFO 31840 --- [ExpenseMicroservice] [restartedMain] o.apache.catalina.core.StandardEngine    : Starting Servlet engine: [Apache Tomcat/10.1.34]
2025-03-05T12:58:01.484+05:30  INFO 31840 --- [ExpenseMicroservice] [restartedMain] o.a.c.c.C.[Tomcat].[localhost].[/]       : Initializing Spring embedded WebApplicationContext
2025-03-05T12:58:01.484+05:30  INFO 31840 --- [ExpenseMicroservice] [restartedMain] w.s.c.ServletWebServerApplicationContext : Root WebApplicationContext: initialization completed in 478 ms
2025-03-05T12:58:01.540+05:30  INFO 31840 --- [ExpenseMicroservice] [restartedMain] o.hibernate.jpa.internal.util.LogHelper  : HHH000204: Processing PersistenceUnitInfo [name: default]
2025-03-05T12:58:01.542+05:30  INFO 31840 --- [ExpenseMicroservice] [restartedMain] o.h.c.internal.RegionFactoryInitiator    : HHH000026: Second-level cache disabled
2025-03-05T12:58:01.551+05:30  INFO 31840 --- [ExpenseMicroservice] [restartedMain] o.s.o.j.p.SpringPersistenceUnitInfo      : No LoadTimeWeaver setup: ignoring JPA class transformer
2025-03-05T12:58:01.552+05:30  INFO 31840 --- [ExpenseMicroservice] [restartedMain] com.zaxxer.hikari.HikariDataSource       : HikariPool-4 - Starting...
2025-03-05T12:58:01.566+05:30  INFO 31840 --- [ExpenseMicroservice] [restartedMain] com.zaxxer.hikari.pool.HikariPool        : HikariPool-4 - Added connection com.mysql.cj.jdbc.ConnectionImpl@53c6a11a
2025-03-05T12:58:01.566+05:30  INFO 31840 --- [ExpenseMicroservice] [restartedMain] com.zaxxer.hikari.HikariDataSource       : HikariPool-4 - Start completed.
2025-03-05T12:58:01.568+05:30  WARN 31840 --- [ExpenseMicroservice] [restartedMain] org.hibernate.orm.deprecation            : HHH90000025: MySQLDialect does not need to be specified explicitly using 'hibernate.dialect' (remove the property setting and it will be selected by default)
2025-03-05T12:58:01.568+05:30  INFO 31840 --- [ExpenseMicroservice] [restartedMain] org.hibernate.orm.connections.pooling    : HHH10001005: Database info:
	Database JDBC URL [Connecting through datasource 'HikariDataSource (HikariPool-4)']
	Database driver: undefined/unknown
	Database version: 8.0.40
	Autocommit mode: undefined/unknown
	Isolation level: undefined/unknown
	Minimum pool size: undefined/unknown
	Maximum pool size: undefined/unknown
2025-03-05T12:58:01.614+05:30  INFO 31840 --- [ExpenseMicroservice] [restartedMain] o.h.e.t.j.p.i.JtaPlatformInitiator       : HHH000489: No JTA platform available (set 'hibernate.transaction.jta.platform' to enable JTA platform integration)
2025-03-05T12:58:01.628+05:30  INFO 31840 --- [ExpenseMicroservice] [restartedMain] j.LocalContainerEntityManagerFactoryBean : Initialized JPA EntityManagerFactory for persistence unit 'default'
2025-03-05T12:58:01.794+05:30  WARN 31840 --- [ExpenseMicroservice] [restartedMain] JpaBaseConfiguration$JpaWebConfiguration : spring.jpa.open-in-view is enabled by default. Therefore, database queries may be performed during view rendering. Explicitly configure spring.jpa.open-in-view to disable this warning
2025-03-05T12:58:02.052+05:30  WARN 31840 --- [ExpenseMicroservice] [restartedMain] o.s.b.d.a.OptionalLiveReloadServer       : Unable to start LiveReload server
2025-03-05T12:58:02.093+05:30  INFO 31840 --- [ExpenseMicroservice] [restartedMain] DiscoveryClientOptionalArgsConfiguration : Eureka HTTP Client uses RestTemplate.
2025-03-05T12:58:02.116+05:30  WARN 31840 --- [ExpenseMicroservice] [restartedMain] iguration$LoadBalancerCaffeineWarnLogger : Spring Cloud LoadBalancer is currently working with the default cache. While this cache implementation is useful for development and tests, it's recommended to use Caffeine cache in production.You can switch to using Caffeine cache, by adding it and org.springframework.cache.caffeine.CaffeineCacheManager to the classpath.
2025-03-05T12:58:02.176+05:30  INFO 31840 --- [ExpenseMicroservice] [restartedMain] o.s.c.n.eureka.InstanceInfoFactory       : Setting initial instance status as: STARTING
2025-03-05T12:58:02.178+05:30  INFO 31840 --- [ExpenseMicroservice] [restartedMain] com.netflix.discovery.DiscoveryClient    : Initializing Eureka in region us-east-1
2025-03-05T12:58:02.178+05:30  INFO 31840 --- [ExpenseMicroservice] [restartedMain] c.n.d.s.r.aws.ConfigClusterResolver      : Resolving eureka endpoints via configuration
2025-03-05T12:58:02.178+05:30  INFO 31840 --- [ExpenseMicroservice] [restartedMain] com.netflix.discovery.DiscoveryClient    : Disable delta property : false
2025-03-05T12:58:02.178+05:30  INFO 31840 --- [ExpenseMicroservice] [restartedMain] com.netflix.discovery.DiscoveryClient    : Single vip registry refresh property : null
2025-03-05T12:58:02.178+05:30  INFO 31840 --- [ExpenseMicroservice] [restartedMain] com.netflix.discovery.DiscoveryClient    : Force full registry fetch : false
2025-03-05T12:58:02.178+05:30  INFO 31840 --- [ExpenseMicroservice] [restartedMain] com.netflix.discovery.DiscoveryClient    : Application is null : false
2025-03-05T12:58:02.178+05:30  INFO 31840 --- [ExpenseMicroservice] [restartedMain] com.netflix.discovery.DiscoveryClient    : Registered Applications size is zero : true
2025-03-05T12:58:02.178+05:30  INFO 31840 --- [ExpenseMicroservice] [restartedMain] com.netflix.discovery.DiscoveryClient    : Application version is -1: true
2025-03-05T12:58:02.178+05:30  INFO 31840 --- [ExpenseMicroservice] [restartedMain] com.netflix.discovery.DiscoveryClient    : Getting all instance registry info from the eureka server
2025-03-05T12:58:02.197+05:30  INFO 31840 --- [ExpenseMicroservice] [restartedMain] com.netflix.discovery.DiscoveryClient    : The response status is 200
2025-03-05T12:58:02.198+05:30  INFO 31840 --- [ExpenseMicroservice] [restartedMain] com.netflix.discovery.DiscoveryClient    : Starting heartbeat executor: renew interval is: 30
2025-03-05T12:58:02.198+05:30  INFO 31840 --- [ExpenseMicroservice] [restartedMain] c.n.discovery.InstanceInfoReplicator     : InstanceInfoReplicator onDemand update allowed rate per min is 4
2025-03-05T12:58:02.198+05:30  INFO 31840 --- [ExpenseMicroservice] [restartedMain] com.netflix.discovery.DiscoveryClient    : Discovery Client initialized at timestamp 1741159682198 with initial instances count: 5
2025-03-05T12:58:02.202+05:30  INFO 31840 --- [ExpenseMicroservice] [restartedMain] o.s.c.n.e.s.EurekaServiceRegistry        : Registering application EXPENSEMICROSERVICE with eureka with status UP
2025-03-05T12:58:02.202+05:30  INFO 31840 --- [ExpenseMicroservice] [restartedMain] com.netflix.discovery.DiscoveryClient    : Saw local status change event StatusChangeEvent [timestamp=1741159682202, current=UP, previous=STARTING]
2025-03-05T12:58:02.202+05:30  INFO 31840 --- [ExpenseMicroservice] [DiscoveryClient-InstanceInfoReplicator-%d] com.netflix.discovery.DiscoveryClient    : DiscoveryClient_EXPENSEMICROSERVICE/LTIN563691.cts.com:ExpenseMicroservice:8082: registering service...
2025-03-05T12:58:02.205+05:30  INFO 31840 --- [ExpenseMicroservice] [restartedMain] o.s.b.w.embedded.tomcat.TomcatWebServer  : Tomcat started on port 8082 (http) with context path '/'
2025-03-05T12:58:02.206+05:30  INFO 31840 --- [ExpenseMicroservice] [restartedMain] .s.c.n.e.s.EurekaAutoServiceRegistration : Updating port to 8082
2025-03-05T12:58:02.216+05:30  INFO 31840 --- [ExpenseMicroservice] [restartedMain] c.p.e.ExpenseMicroserviceApplication     : Started ExpenseMicroserviceApplication in 2.329 seconds (process running for 100012.172)
2025-03-05T12:58:02.218+05:30  INFO 31840 --- [ExpenseMicroservice] [DiscoveryClient-InstanceInfoReplicator-%d] com.netflix.discovery.DiscoveryClient    : DiscoveryClient_EXPENSEMICROSERVICE/LTIN563691.cts.com:ExpenseMicroservice:8082 - registration status: 204
2025-03-05T12:58:02.218+05:30  INFO 31840 --- [ExpenseMicroservice] [restartedMain] .ConditionEvaluationDeltaLoggingListener : Condition evaluation unchanged
2025-03-05T12:59:27.881+05:30  INFO 31840 --- [ExpenseMicroservice] [File Watcher] rtingClassPathChangeChangedEventListener : Restarting due to 1 class path change (0 additions, 0 deletions, 1 modification)
2025-03-05T12:59:27.884+05:30  INFO 31840 --- [ExpenseMicroservice] [Thread-19] o.s.c.n.e.s.EurekaServiceRegistry        : Unregistering application EXPENSEMICROSERVICE with eureka with status DOWN
2025-03-05T12:59:27.884+05:30  INFO 31840 --- [ExpenseMicroservice] [Thread-19] com.netflix.discovery.DiscoveryClient    : Saw local status change event StatusChangeEvent [timestamp=1741159767884, current=DOWN, previous=UP]
2025-03-05T12:59:27.884+05:30  INFO 31840 --- [ExpenseMicroservice] [DiscoveryClient-InstanceInfoReplicator-%d] com.netflix.discovery.DiscoveryClient    : DiscoveryClient_EXPENSEMICROSERVICE/LTIN563691.cts.com:ExpenseMicroservice:8082: registering service...
2025-03-05T12:59:27.885+05:30  INFO 31840 --- [ExpenseMicroservice] [Thread-19] o.s.b.w.e.tomcat.GracefulShutdown        : Commencing graceful shutdown. Waiting for active requests to complete
2025-03-05T12:59:27.893+05:30  INFO 31840 --- [ExpenseMicroservice] [tomcat-shutdown] o.s.b.w.e.tomcat.GracefulShutdown        : Graceful shutdown complete
2025-03-05T12:59:27.899+05:30  INFO 31840 --- [ExpenseMicroservice] [Thread-19] j.LocalContainerEntityManagerFactoryBean : Closing JPA EntityManagerFactory for persistence unit 'default'
2025-03-05T12:59:27.900+05:30  INFO 31840 --- [ExpenseMicroservice] [Thread-19] com.zaxxer.hikari.HikariDataSource       : HikariPool-4 - Shutdown initiated...
2025-03-05T12:59:27.900+05:30  INFO 31840 --- [ExpenseMicroservice] [DiscoveryClient-InstanceInfoReplicator-%d] com.netflix.discovery.DiscoveryClient    : DiscoveryClient_EXPENSEMICROSERVICE/LTIN563691.cts.com:ExpenseMicroservice:8082 - registration status: 204
2025-03-05T12:59:27.907+05:30  INFO 31840 --- [ExpenseMicroservice] [Thread-19] com.zaxxer.hikari.HikariDataSource       : HikariPool-4 - Shutdown completed.
2025-03-05T12:59:27.907+05:30  INFO 31840 --- [ExpenseMicroservice] [Thread-19] com.netflix.discovery.DiscoveryClient    : Shutting down DiscoveryClient ...
2025-03-05T12:59:30.922+05:30  INFO 31840 --- [ExpenseMicroservice] [Thread-19] com.netflix.discovery.DiscoveryClient    : Unregistering ...
2025-03-05T12:59:30.940+05:30  INFO 31840 --- [ExpenseMicroservice] [Thread-19] com.netflix.discovery.DiscoveryClient    : DiscoveryClient_EXPENSEMICROSERVICE/LTIN563691.cts.com:ExpenseMicroservice:8082 - deregister  status: 200
2025-03-05T12:59:30.940+05:30  INFO 31840 --- [ExpenseMicroservice] [Thread-19] com.netflix.discovery.DiscoveryClient    : Completed shut down of DiscoveryClient
2025-03-05T12:59:32.257+05:30  INFO 31840 --- [ExpenseMicroservice] [restartedMain] c.p.e.ExpenseMicroserviceApplication     : Starting ExpenseMicroserviceApplication using Java 23.0.1 with PID 31840 (C:\Users\2380378\git\repository2\ExpenseMicroservice\target\classes started by 2380378 in C:\Users\2380378\git\repository2\ExpenseMicroservice)
2025-03-05T12:59:32.257+05:30  INFO 31840 --- [ExpenseMicroservice] [restartedMain] c.p.e.ExpenseMicroserviceApplication     : No active profile set, falling back to 1 default profile: "default"
2025-03-05T12:59:32.258+05:30  INFO 31840 --- [ExpenseMicroservice] [restartedMain] o.s.c.c.c.ConfigServerConfigDataLoader   : Fetching config from server at : http://localhost:1234
2025-03-05T12:59:32.258+05:30  INFO 31840 --- [ExpenseMicroservice] [restartedMain] o.s.c.c.c.ConfigServerConfigDataLoader   : Located environment: name=ExpenseMicroservice, profiles=[default], label=null, version=acf2e24bc3463176c2d2dfeb3ffc2ed4d2fa16a3, state=
2025-03-05T12:59:32.410+05:30  INFO 31840 --- [ExpenseMicroservice] [restartedMain] .s.d.r.c.RepositoryConfigurationDelegate : Bootstrapping Spring Data JPA repositories in DEFAULT mode.
2025-03-05T12:59:32.421+05:30  INFO 31840 --- [ExpenseMicroservice] [restartedMain] .s.d.r.c.RepositoryConfigurationDelegate : Finished Spring Data repository scanning in 10 ms. Found 1 JPA repository interface.
2025-03-05T12:59:32.478+05:30  INFO 31840 --- [ExpenseMicroservice] [restartedMain] o.s.cloud.context.scope.GenericScope     : BeanFactory id=1683e4fa-abdb-3dd9-8f22-dfdb26a9aeba
2025-03-05T12:59:32.583+05:30  INFO 31840 --- [ExpenseMicroservice] [restartedMain] o.s.b.w.embedded.tomcat.TomcatWebServer  : Tomcat initialized with port 8082 (http)
2025-03-05T12:59:32.585+05:30  INFO 31840 --- [ExpenseMicroservice] [restartedMain] o.apache.catalina.core.StandardService   : Starting service [Tomcat]
2025-03-05T12:59:32.585+05:30  INFO 31840 --- [ExpenseMicroservice] [restartedMain] o.apache.catalina.core.StandardEngine    : Starting Servlet engine: [Apache Tomcat/10.1.34]
2025-03-05T12:59:32.616+05:30  INFO 31840 --- [ExpenseMicroservice] [restartedMain] o.a.c.c.C.[Tomcat].[localhost].[/]       : Initializing Spring embedded WebApplicationContext
2025-03-05T12:59:32.616+05:30  INFO 31840 --- [ExpenseMicroservice] [restartedMain] w.s.c.ServletWebServerApplicationContext : Root WebApplicationContext: initialization completed in 358 ms
2025-03-05T12:59:32.687+05:30  INFO 31840 --- [ExpenseMicroservice] [restartedMain] o.hibernate.jpa.internal.util.LogHelper  : HHH000204: Processing PersistenceUnitInfo [name: default]
2025-03-05T12:59:32.688+05:30  INFO 31840 --- [ExpenseMicroservice] [restartedMain] o.h.c.internal.RegionFactoryInitiator    : HHH000026: Second-level cache disabled
2025-03-05T12:59:32.694+05:30  INFO 31840 --- [ExpenseMicroservice] [restartedMain] o.s.o.j.p.SpringPersistenceUnitInfo      : No LoadTimeWeaver setup: ignoring JPA class transformer
2025-03-05T12:59:32.696+05:30  INFO 31840 --- [ExpenseMicroservice] [restartedMain] com.zaxxer.hikari.HikariDataSource       : HikariPool-5 - Starting...
2025-03-05T12:59:32.712+05:30  INFO 31840 --- [ExpenseMicroservice] [restartedMain] com.zaxxer.hikari.pool.HikariPool        : HikariPool-5 - Added connection com.mysql.cj.jdbc.ConnectionImpl@151cf8b6
2025-03-05T12:59:32.712+05:30  INFO 31840 --- [ExpenseMicroservice] [restartedMain] com.zaxxer.hikari.HikariDataSource       : HikariPool-5 - Start completed.
2025-03-05T12:59:32.713+05:30  WARN 31840 --- [ExpenseMicroservice] [restartedMain] org.hibernate.orm.deprecation            : HHH90000025: MySQLDialect does not need to be specified explicitly using 'hibernate.dialect' (remove the property setting and it will be selected by default)
2025-03-05T12:59:32.714+05:30  INFO 31840 --- [ExpenseMicroservice] [restartedMain] org.hibernate.orm.connections.pooling    : HHH10001005: Database info:
	Database JDBC URL [Connecting through datasource 'HikariDataSource (HikariPool-5)']
	Database driver: undefined/unknown
	Database version: 8.0.40
	Autocommit mode: undefined/unknown
	Isolation level: undefined/unknown
	Minimum pool size: undefined/unknown
	Maximum pool size: undefined/unknown
2025-03-05T12:59:32.749+05:30  INFO 31840 --- [ExpenseMicroservice] [restartedMain] o.h.e.t.j.p.i.JtaPlatformInitiator       : HHH000489: No JTA platform available (set 'hibernate.transaction.jta.platform' to enable JTA platform integration)
2025-03-05T12:59:32.758+05:30  INFO 31840 --- [ExpenseMicroservice] [restartedMain] j.LocalContainerEntityManagerFactoryBean : Initialized JPA EntityManagerFactory for persistence unit 'default'
2025-03-05T12:59:32.896+05:30  WARN 31840 --- [ExpenseMicroservice] [restartedMain] JpaBaseConfiguration$JpaWebConfiguration : spring.jpa.open-in-view is enabled by default. Therefore, database queries may be performed during view rendering. Explicitly configure spring.jpa.open-in-view to disable this warning
2025-03-05T12:59:33.102+05:30  WARN 31840 --- [ExpenseMicroservice] [restartedMain] o.s.b.d.a.OptionalLiveReloadServer       : Unable to start LiveReload server
2025-03-05T12:59:33.141+05:30  INFO 31840 --- [ExpenseMicroservice] [restartedMain] DiscoveryClientOptionalArgsConfiguration : Eureka HTTP Client uses RestTemplate.
2025-03-05T12:59:33.175+05:30  WARN 31840 --- [ExpenseMicroservice] [restartedMain] iguration$LoadBalancerCaffeineWarnLogger : Spring Cloud LoadBalancer is currently working with the default cache. While this cache implementation is useful for development and tests, it's recommended to use Caffeine cache in production.You can switch to using Caffeine cache, by adding it and org.springframework.cache.caffeine.CaffeineCacheManager to the classpath.
2025-03-05T12:59:33.205+05:30  INFO 31840 --- [ExpenseMicroservice] [restartedMain] o.s.c.n.eureka.InstanceInfoFactory       : Setting initial instance status as: STARTING
2025-03-05T12:59:33.207+05:30  INFO 31840 --- [ExpenseMicroservice] [restartedMain] com.netflix.discovery.DiscoveryClient    : Initializing Eureka in region us-east-1
2025-03-05T12:59:33.207+05:30  INFO 31840 --- [ExpenseMicroservice] [restartedMain] c.n.d.s.r.aws.ConfigClusterResolver      : Resolving eureka endpoints via configuration
2025-03-05T12:59:33.207+05:30  INFO 31840 --- [ExpenseMicroservice] [restartedMain] com.netflix.discovery.DiscoveryClient    : Disable delta property : false
2025-03-05T12:59:33.207+05:30  INFO 31840 --- [ExpenseMicroservice] [restartedMain] com.netflix.discovery.DiscoveryClient    : Single vip registry refresh property : null
2025-03-05T12:59:33.207+05:30  INFO 31840 --- [ExpenseMicroservice] [restartedMain] com.netflix.discovery.DiscoveryClient    : Force full registry fetch : false
2025-03-05T12:59:33.207+05:30  INFO 31840 --- [ExpenseMicroservice] [restartedMain] com.netflix.discovery.DiscoveryClient    : Application is null : false
2025-03-05T12:59:33.207+05:30  INFO 31840 --- [ExpenseMicroservice] [restartedMain] com.netflix.discovery.DiscoveryClient    : Registered Applications size is zero : true
2025-03-05T12:59:33.207+05:30  INFO 31840 --- [ExpenseMicroservice] [restartedMain] com.netflix.discovery.DiscoveryClient    : Application version is -1: true
2025-03-05T12:59:33.207+05:30  INFO 31840 --- [ExpenseMicroservice] [restartedMain] com.netflix.discovery.DiscoveryClient    : Getting all instance registry info from the eureka server
2025-03-05T12:59:33.232+05:30  INFO 31840 --- [ExpenseMicroservice] [restartedMain] com.netflix.discovery.DiscoveryClient    : The response status is 200
2025-03-05T12:59:33.232+05:30  INFO 31840 --- [ExpenseMicroservice] [restartedMain] com.netflix.discovery.DiscoveryClient    : Starting heartbeat executor: renew interval is: 30
2025-03-05T12:59:33.233+05:30  INFO 31840 --- [ExpenseMicroservice] [restartedMain] c.n.discovery.InstanceInfoReplicator     : InstanceInfoReplicator onDemand update allowed rate per min is 4
2025-03-05T12:59:33.233+05:30  INFO 31840 --- [ExpenseMicroservice] [restartedMain] com.netflix.discovery.DiscoveryClient    : Discovery Client initialized at timestamp 1741159773233 with initial instances count: 5
2025-03-05T12:59:33.237+05:30  INFO 31840 --- [ExpenseMicroservice] [restartedMain] o.s.c.n.e.s.EurekaServiceRegistry        : Registering application EXPENSEMICROSERVICE with eureka with status UP
2025-03-05T12:59:33.237+05:30  INFO 31840 --- [ExpenseMicroservice] [restartedMain] com.netflix.discovery.DiscoveryClient    : Saw local status change event StatusChangeEvent [timestamp=1741159773237, current=UP, previous=STARTING]
2025-03-05T12:59:33.237+05:30  INFO 31840 --- [ExpenseMicroservice] [DiscoveryClient-InstanceInfoReplicator-%d] com.netflix.discovery.DiscoveryClient    : DiscoveryClient_EXPENSEMICROSERVICE/LTIN563691.cts.com:ExpenseMicroservice:8082: registering service...
2025-03-05T12:59:33.240+05:30  INFO 31840 --- [ExpenseMicroservice] [restartedMain] o.s.b.w.embedded.tomcat.TomcatWebServer  : Tomcat started on port 8082 (http) with context path '/'
2025-03-05T12:59:33.240+05:30  INFO 31840 --- [ExpenseMicroservice] [restartedMain] .s.c.n.e.s.EurekaAutoServiceRegistration : Updating port to 8082
2025-03-05T12:59:33.248+05:30  INFO 31840 --- [ExpenseMicroservice] [restartedMain] c.p.e.ExpenseMicroserviceApplication     : Started ExpenseMicroserviceApplication in 2.232 seconds (process running for 100103.204)
2025-03-05T12:59:33.249+05:30  INFO 31840 --- [ExpenseMicroservice] [DiscoveryClient-InstanceInfoReplicator-%d] com.netflix.discovery.DiscoveryClient    : DiscoveryClient_EXPENSEMICROSERVICE/LTIN563691.cts.com:ExpenseMicroservice:8082 - registration status: 204
2025-03-05T12:59:33.250+05:30  INFO 31840 --- [ExpenseMicroservice] [restartedMain] .ConditionEvaluationDeltaLoggingListener : Condition evaluation unchanged
2025-03-05T13:00:51.180+05:30  INFO 31840 --- [ExpenseMicroservice] [http-nio-8082-exec-2] o.a.c.c.C.[Tomcat].[localhost].[/]       : Initializing Spring DispatcherServlet 'dispatcherServlet'
2025-03-05T13:00:51.180+05:30  INFO 31840 --- [ExpenseMicroservice] [http-nio-8082-exec-2] o.s.web.servlet.DispatcherServlet        : Initializing Servlet 'dispatcherServlet'
2025-03-05T13:00:51.187+05:30  INFO 31840 --- [ExpenseMicroservice] [http-nio-8082-exec-2] o.s.web.servlet.DispatcherServlet        : Completed initialization in 7 ms
2025-03-05T13:00:51.196+05:30  INFO 31840 --- [ExpenseMicroservice] [http-nio-8082-exec-2] com.project.expense.aop.LoggingAspect    : Entering method: deleteExpensesByUserId with arguments: [1]
2025-03-05T13:00:51.213+05:30  INFO 31840 --- [ExpenseMicroservice] [http-nio-8082-exec-2] com.project.expense.aop.LoggingAspect    : Exiting method: deleteExpensesByUserId with result: null
2025-03-05T13:04:33.222+05:30  INFO 31840 --- [ExpenseMicroservice] [AsyncResolver-bootstrap-executor-%d] c.n.d.s.r.aws.ConfigClusterResolver      : Resolving eureka endpoints via configuration
2025-03-05T14:10:16.826+05:30  INFO 17708 --- [ExpenseMicroservice] [restartedMain] c.p.e.ExpenseMicroserviceApplication     : Starting ExpenseMicroserviceApplication using Java 23.0.1 with PID 17708 (C:\Users\2380378\git\repository2\ExpenseMicroservice\target\classes started by 2380378 in C:\Users\2380378\git\repository2\ExpenseMicroservice)
2025-03-05T14:10:16.829+05:30  INFO 17708 --- [ExpenseMicroservice] [restartedMain] c.p.e.ExpenseMicroserviceApplication     : No active profile set, falling back to 1 default profile: "default"
2025-03-05T14:10:16.924+05:30  INFO 17708 --- [ExpenseMicroservice] [restartedMain] o.s.c.c.c.ConfigServerConfigDataLoader   : Fetching config from server at : http://localhost:1234
2025-03-05T14:10:16.924+05:30  INFO 17708 --- [ExpenseMicroservice] [restartedMain] o.s.c.c.c.ConfigServerConfigDataLoader   : Located environment: name=ExpenseMicroservice, profiles=[default], label=null, version=acf2e24bc3463176c2d2dfeb3ffc2ed4d2fa16a3, state=
2025-03-05T14:10:16.928+05:30  INFO 17708 --- [ExpenseMicroservice] [restartedMain] .e.DevToolsPropertyDefaultsPostProcessor : Devtools property defaults active! Set 'spring.devtools.add-properties' to 'false' to disable
2025-03-05T14:10:16.929+05:30  INFO 17708 --- [ExpenseMicroservice] [restartedMain] .e.DevToolsPropertyDefaultsPostProcessor : For additional web related logging consider setting the 'logging.level.web' property to 'DEBUG'
2025-03-05T14:10:18.058+05:30  INFO 17708 --- [ExpenseMicroservice] [restartedMain] .s.d.r.c.RepositoryConfigurationDelegate : Bootstrapping Spring Data JPA repositories in DEFAULT mode.
2025-03-05T14:10:18.299+05:30  INFO 17708 --- [ExpenseMicroservice] [restartedMain] .s.d.r.c.RepositoryConfigurationDelegate : Finished Spring Data repository scanning in 228 ms. Found 1 JPA repository interface.
2025-03-05T14:10:18.634+05:30  INFO 17708 --- [ExpenseMicroservice] [restartedMain] o.s.cloud.context.scope.GenericScope     : BeanFactory id=1683e4fa-abdb-3dd9-8f22-dfdb26a9aeba
2025-03-05T14:10:19.474+05:30  INFO 17708 --- [ExpenseMicroservice] [restartedMain] o.s.b.w.embedded.tomcat.TomcatWebServer  : Tomcat initialized with port 8082 (http)
2025-03-05T14:10:19.500+05:30  INFO 17708 --- [ExpenseMicroservice] [restartedMain] o.apache.catalina.core.StandardService   : Starting service [Tomcat]
2025-03-05T14:10:19.501+05:30  INFO 17708 --- [ExpenseMicroservice] [restartedMain] o.apache.catalina.core.StandardEngine    : Starting Servlet engine: [Apache Tomcat/10.1.34]
2025-03-05T14:10:19.610+05:30  INFO 17708 --- [ExpenseMicroservice] [restartedMain] o.a.c.c.C.[Tomcat].[localhost].[/]       : Initializing Spring embedded WebApplicationContext
2025-03-05T14:10:19.611+05:30  INFO 17708 --- [ExpenseMicroservice] [restartedMain] w.s.c.ServletWebServerApplicationContext : Root WebApplicationContext: initialization completed in 2681 ms
2025-03-05T14:10:19.830+05:30  INFO 17708 --- [ExpenseMicroservice] [restartedMain] o.hibernate.jpa.internal.util.LogHelper  : HHH000204: Processing PersistenceUnitInfo [name: default]
2025-03-05T14:10:19.902+05:30  INFO 17708 --- [ExpenseMicroservice] [restartedMain] org.hibernate.Version                    : HHH000412: Hibernate ORM core version 6.6.5.Final
2025-03-05T14:10:19.968+05:30  INFO 17708 --- [ExpenseMicroservice] [restartedMain] o.h.c.internal.RegionFactoryInitiator    : HHH000026: Second-level cache disabled
2025-03-05T14:10:20.375+05:30  INFO 17708 --- [ExpenseMicroservice] [restartedMain] o.s.o.j.p.SpringPersistenceUnitInfo      : No LoadTimeWeaver setup: ignoring JPA class transformer
2025-03-05T14:10:20.406+05:30  INFO 17708 --- [ExpenseMicroservice] [restartedMain] com.zaxxer.hikari.HikariDataSource       : HikariPool-1 - Starting...
2025-03-05T14:10:20.875+05:30  INFO 17708 --- [ExpenseMicroservice] [restartedMain] com.zaxxer.hikari.pool.HikariPool        : HikariPool-1 - Added connection com.mysql.cj.jdbc.ConnectionImpl@73905daf
2025-03-05T14:10:20.878+05:30  INFO 17708 --- [ExpenseMicroservice] [restartedMain] com.zaxxer.hikari.HikariDataSource       : HikariPool-1 - Start completed.
2025-03-05T14:10:20.958+05:30  WARN 17708 --- [ExpenseMicroservice] [restartedMain] org.hibernate.orm.deprecation            : HHH90000025: MySQLDialect does not need to be specified explicitly using 'hibernate.dialect' (remove the property setting and it will be selected by default)
2025-03-05T14:10:21.005+05:30  INFO 17708 --- [ExpenseMicroservice] [restartedMain] org.hibernate.orm.connections.pooling    : HHH10001005: Database info:
	Database JDBC URL [Connecting through datasource 'HikariDataSource (HikariPool-1)']
	Database driver: undefined/unknown
	Database version: 8.0.40
	Autocommit mode: undefined/unknown
	Isolation level: undefined/unknown
	Minimum pool size: undefined/unknown
	Maximum pool size: undefined/unknown
2025-03-05T14:10:22.212+05:30  INFO 17708 --- [ExpenseMicroservice] [restartedMain] o.h.e.t.j.p.i.JtaPlatformInitiator       : HHH000489: No JTA platform available (set 'hibernate.transaction.jta.platform' to enable JTA platform integration)
2025-03-05T14:10:22.302+05:30  INFO 17708 --- [ExpenseMicroservice] [restartedMain] j.LocalContainerEntityManagerFactoryBean : Initialized JPA EntityManagerFactory for persistence unit 'default'
2025-03-05T14:10:23.338+05:30  INFO 17708 --- [ExpenseMicroservice] [restartedMain] o.s.d.j.r.query.QueryEnhancerFactory     : Hibernate is in classpath; If applicable, HQL parser will be used.
2025-03-05T14:10:24.519+05:30  WARN 17708 --- [ExpenseMicroservice] [restartedMain] JpaBaseConfiguration$JpaWebConfiguration : spring.jpa.open-in-view is enabled by default. Therefore, database queries may be performed during view rendering. Explicitly configure spring.jpa.open-in-view to disable this warning
2025-03-05T14:10:25.595+05:30  WARN 17708 --- [ExpenseMicroservice] [restartedMain] o.s.b.d.a.OptionalLiveReloadServer       : Unable to start LiveReload server
2025-03-05T14:10:25.712+05:30  INFO 17708 --- [ExpenseMicroservice] [restartedMain] DiscoveryClientOptionalArgsConfiguration : Eureka HTTP Client uses RestTemplate.
2025-03-05T14:10:25.771+05:30  WARN 17708 --- [ExpenseMicroservice] [restartedMain] iguration$LoadBalancerCaffeineWarnLogger : Spring Cloud LoadBalancer is currently working with the default cache. While this cache implementation is useful for development and tests, it's recommended to use Caffeine cache in production.You can switch to using Caffeine cache, by adding it and org.springframework.cache.caffeine.CaffeineCacheManager to the classpath.
2025-03-05T14:10:25.857+05:30  INFO 17708 --- [ExpenseMicroservice] [restartedMain] o.s.c.n.eureka.InstanceInfoFactory       : Setting initial instance status as: STARTING
2025-03-05T14:10:25.883+05:30  INFO 17708 --- [ExpenseMicroservice] [restartedMain] com.netflix.discovery.DiscoveryClient    : Initializing Eureka in region us-east-1
2025-03-05T14:10:25.888+05:30  INFO 17708 --- [ExpenseMicroservice] [restartedMain] c.n.d.s.r.aws.ConfigClusterResolver      : Resolving eureka endpoints via configuration
2025-03-05T14:10:25.900+05:30  INFO 17708 --- [ExpenseMicroservice] [restartedMain] com.netflix.discovery.DiscoveryClient    : Disable delta property : false
2025-03-05T14:10:25.900+05:30  INFO 17708 --- [ExpenseMicroservice] [restartedMain] com.netflix.discovery.DiscoveryClient    : Single vip registry refresh property : null
2025-03-05T14:10:25.900+05:30  INFO 17708 --- [ExpenseMicroservice] [restartedMain] com.netflix.discovery.DiscoveryClient    : Force full registry fetch : false
2025-03-05T14:10:25.900+05:30  INFO 17708 --- [ExpenseMicroservice] [restartedMain] com.netflix.discovery.DiscoveryClient    : Application is null : false
2025-03-05T14:10:25.901+05:30  INFO 17708 --- [ExpenseMicroservice] [restartedMain] com.netflix.discovery.DiscoveryClient    : Registered Applications size is zero : true
2025-03-05T14:10:25.901+05:30  INFO 17708 --- [ExpenseMicroservice] [restartedMain] com.netflix.discovery.DiscoveryClient    : Application version is -1: true
2025-03-05T14:10:25.901+05:30  INFO 17708 --- [ExpenseMicroservice] [restartedMain] com.netflix.discovery.DiscoveryClient    : Getting all instance registry info from the eureka server
2025-03-05T14:10:26.333+05:30  INFO 17708 --- [ExpenseMicroservice] [restartedMain] com.netflix.discovery.DiscoveryClient    : The response status is 200
2025-03-05T14:10:26.335+05:30  INFO 17708 --- [ExpenseMicroservice] [restartedMain] com.netflix.discovery.DiscoveryClient    : Starting heartbeat executor: renew interval is: 30
2025-03-05T14:10:26.337+05:30  INFO 17708 --- [ExpenseMicroservice] [restartedMain] c.n.discovery.InstanceInfoReplicator     : InstanceInfoReplicator onDemand update allowed rate per min is 4
2025-03-05T14:10:26.341+05:30  INFO 17708 --- [ExpenseMicroservice] [restartedMain] com.netflix.discovery.DiscoveryClient    : Discovery Client initialized at timestamp 1741164026340 with initial instances count: 0
2025-03-05T14:10:26.350+05:30  INFO 17708 --- [ExpenseMicroservice] [restartedMain] o.s.c.n.e.s.EurekaServiceRegistry        : Registering application EXPENSEMICROSERVICE with eureka with status UP
2025-03-05T14:10:26.351+05:30  INFO 17708 --- [ExpenseMicroservice] [restartedMain] com.netflix.discovery.DiscoveryClient    : Saw local status change event StatusChangeEvent [timestamp=1741164026351, current=UP, previous=STARTING]
2025-03-05T14:10:26.354+05:30  INFO 17708 --- [ExpenseMicroservice] [DiscoveryClient-InstanceInfoReplicator-%d] com.netflix.discovery.DiscoveryClient    : DiscoveryClient_EXPENSEMICROSERVICE/LTIN563691.cts.com:ExpenseMicroservice:8082: registering service...
2025-03-05T14:10:26.385+05:30  INFO 17708 --- [ExpenseMicroservice] [restartedMain] o.s.b.w.embedded.tomcat.TomcatWebServer  : Tomcat started on port 8082 (http) with context path '/'
2025-03-05T14:10:26.387+05:30  INFO 17708 --- [ExpenseMicroservice] [restartedMain] .s.c.n.e.s.EurekaAutoServiceRegistration : Updating port to 8082
2025-03-05T14:10:26.404+05:30  INFO 17708 --- [ExpenseMicroservice] [restartedMain] c.p.e.ExpenseMicroserviceApplication     : Started ExpenseMicroserviceApplication in 13.909 seconds (process running for 15.077)
2025-03-05T14:10:26.424+05:30  INFO 17708 --- [ExpenseMicroservice] [DiscoveryClient-InstanceInfoReplicator-%d] com.netflix.discovery.DiscoveryClient    : DiscoveryClient_EXPENSEMICROSERVICE/LTIN563691.cts.com:ExpenseMicroservice:8082 - registration status: 204
2025-03-05T14:10:56.344+05:30  INFO 17708 --- [ExpenseMicroservice] [DiscoveryClient-CacheRefreshExecutor-%d] com.netflix.discovery.DiscoveryClient    : Disable delta property : false
2025-03-05T14:10:56.344+05:30  INFO 17708 --- [ExpenseMicroservice] [DiscoveryClient-CacheRefreshExecutor-%d] com.netflix.discovery.DiscoveryClient    : Single vip registry refresh property : null
2025-03-05T14:10:56.344+05:30  INFO 17708 --- [ExpenseMicroservice] [DiscoveryClient-CacheRefreshExecutor-%d] com.netflix.discovery.DiscoveryClient    : Force full registry fetch : false
2025-03-05T14:10:56.344+05:30  INFO 17708 --- [ExpenseMicroservice] [DiscoveryClient-CacheRefreshExecutor-%d] com.netflix.discovery.DiscoveryClient    : Application is null : false
2025-03-05T14:10:56.345+05:30  INFO 17708 --- [ExpenseMicroservice] [DiscoveryClient-CacheRefreshExecutor-%d] com.netflix.discovery.DiscoveryClient    : Registered Applications size is zero : true
2025-03-05T14:10:56.345+05:30  INFO 17708 --- [ExpenseMicroservice] [DiscoveryClient-CacheRefreshExecutor-%d] com.netflix.discovery.DiscoveryClient    : Application version is -1: false
2025-03-05T14:10:56.345+05:30  INFO 17708 --- [ExpenseMicroservice] [DiscoveryClient-CacheRefreshExecutor-%d] com.netflix.discovery.DiscoveryClient    : Getting all instance registry info from the eureka server
2025-03-05T14:10:56.371+05:30  INFO 17708 --- [ExpenseMicroservice] [DiscoveryClient-CacheRefreshExecutor-%d] com.netflix.discovery.DiscoveryClient    : The response status is 200
2025-03-05T14:14:21.013+05:30  INFO 17708 --- [ExpenseMicroservice] [http-nio-8082-exec-2] o.a.c.c.C.[Tomcat].[localhost].[/]       : Initializing Spring DispatcherServlet 'dispatcherServlet'
2025-03-05T14:14:21.013+05:30  INFO 17708 --- [ExpenseMicroservice] [http-nio-8082-exec-2] o.s.web.servlet.DispatcherServlet        : Initializing Servlet 'dispatcherServlet'
2025-03-05T14:14:21.014+05:30  INFO 17708 --- [ExpenseMicroservice] [http-nio-8082-exec-2] o.s.web.servlet.DispatcherServlet        : Completed initialization in 1 ms
2025-03-05T14:14:21.073+05:30  INFO 17708 --- [ExpenseMicroservice] [http-nio-8082-exec-2] com.project.expense.aop.LoggingAspect    : Entering method: getTotalExpenses with arguments: [8]
2025-03-05T14:14:21.196+05:30  INFO 17708 --- [ExpenseMicroservice] [http-nio-8082-exec-2] com.project.expense.aop.LoggingAspect    : Exiting method: getTotalExpenses with result: 23.0
2025-03-05T14:15:25.909+05:30  INFO 17708 --- [ExpenseMicroservice] [AsyncResolver-bootstrap-executor-%d] c.n.d.s.r.aws.ConfigClusterResolver      : Resolving eureka endpoints via configuration
2025-03-05T14:20:25.919+05:30  INFO 17708 --- [ExpenseMicroservice] [AsyncResolver-bootstrap-executor-%d] c.n.d.s.r.aws.ConfigClusterResolver      : Resolving eureka endpoints via configuration
2025-03-05T14:25:25.927+05:30  INFO 17708 --- [ExpenseMicroservice] [AsyncResolver-bootstrap-executor-%d] c.n.d.s.r.aws.ConfigClusterResolver      : Resolving eureka endpoints via configuration
2025-03-05T14:30:25.929+05:30  INFO 17708 --- [ExpenseMicroservice] [AsyncResolver-bootstrap-executor-%d] c.n.d.s.r.aws.ConfigClusterResolver      : Resolving eureka endpoints via configuration
2025-03-05T14:35:25.934+05:30  INFO 17708 --- [ExpenseMicroservice] [AsyncResolver-bootstrap-executor-%d] c.n.d.s.r.aws.ConfigClusterResolver      : Resolving eureka endpoints via configuration
2025-03-05T14:40:25.940+05:30  INFO 17708 --- [ExpenseMicroservice] [AsyncResolver-bootstrap-executor-%d] c.n.d.s.r.aws.ConfigClusterResolver      : Resolving eureka endpoints via configuration
2025-03-05T14:45:25.957+05:30  INFO 17708 --- [ExpenseMicroservice] [AsyncResolver-bootstrap-executor-%d] c.n.d.s.r.aws.ConfigClusterResolver      : Resolving eureka endpoints via configuration
2025-03-05T14:50:25.958+05:30  INFO 17708 --- [ExpenseMicroservice] [AsyncResolver-bootstrap-executor-%d] c.n.d.s.r.aws.ConfigClusterResolver      : Resolving eureka endpoints via configuration
2025-03-05T14:54:28.737+05:30  INFO 17708 --- [ExpenseMicroservice] [http-nio-8082-exec-1] com.project.expense.aop.LoggingAspect    : Entering method: getExpenseByUserIdAndDateBetween with arguments: [7, 2025-02-03, 2025-03-05]
2025-03-05T14:54:28.822+05:30  INFO 17708 --- [ExpenseMicroservice] [http-nio-8082-exec-1] com.project.expense.aop.LoggingAspect    : Exiting method: getExpenseByUserIdAndDateBetween with result: [Expense(id=14, title=sfffffff, description=fsa, category=saf, amount=33.0, date=2025-03-03, userId=7), Expense(id=15, title=dsd, description=sdsd, category=s, amount=800.0, date=2025-03-02, userId=7), Expense(id=16, title=tr, description=yry, category=ry, amount=168.0, date=2025-03-02, userId=7), Expense(id=18, title=12, description=12, category=123, amount=11.0, date=2025-02-25, userId=7), Expense(id=22, title=214, description=erq, category=req, amount=233.0, date=2025-02-26, userId=7)]
2025-03-05T14:54:37.775+05:30  INFO 17708 --- [ExpenseMicroservice] [http-nio-8082-exec-4] com.project.expense.aop.LoggingAspect    : Entering method: getTotalExpenses with arguments: [8]
2025-03-05T14:54:37.785+05:30  INFO 17708 --- [ExpenseMicroservice] [http-nio-8082-exec-4] com.project.expense.aop.LoggingAspect    : Exiting method: getTotalExpenses with result: 23.0
2025-03-05T14:55:25.965+05:30  INFO 17708 --- [ExpenseMicroservice] [AsyncResolver-bootstrap-executor-%d] c.n.d.s.r.aws.ConfigClusterResolver      : Resolving eureka endpoints via configuration
2025-03-05T15:00:25.977+05:30  INFO 17708 --- [ExpenseMicroservice] [AsyncResolver-bootstrap-executor-%d] c.n.d.s.r.aws.ConfigClusterResolver      : Resolving eureka endpoints via configuration
2025-03-05T15:04:21.433+05:30  INFO 17708 --- [ExpenseMicroservice] [http-nio-8082-exec-6] com.project.expense.aop.LoggingAspect    : Entering method: deleteExpensesByUserId with arguments: [6]
2025-03-05T15:04:21.437+05:30  INFO 17708 --- [ExpenseMicroservice] [http-nio-8082-exec-6] com.project.expense.aop.LoggingAspect    : Exiting method: deleteExpensesByUserId with result: null
2025-03-05T15:04:57.842+05:30  INFO 17708 --- [ExpenseMicroservice] [http-nio-8082-exec-7] com.project.expense.aop.LoggingAspect    : Entering method: deleteExpensesByUserId with arguments: [2]
2025-03-05T15:04:57.863+05:30  INFO 17708 --- [ExpenseMicroservice] [http-nio-8082-exec-7] com.project.expense.aop.LoggingAspect    : Exiting method: deleteExpensesByUserId with result: null
2025-03-05T15:05:25.985+05:30  INFO 17708 --- [ExpenseMicroservice] [AsyncResolver-bootstrap-executor-%d] c.n.d.s.r.aws.ConfigClusterResolver      : Resolving eureka endpoints via configuration
2025-03-05T15:10:25.991+05:30  INFO 17708 --- [ExpenseMicroservice] [AsyncResolver-bootstrap-executor-%d] c.n.d.s.r.aws.ConfigClusterResolver      : Resolving eureka endpoints via configuration
2025-03-05T15:15:25.999+05:30  INFO 17708 --- [ExpenseMicroservice] [AsyncResolver-bootstrap-executor-%d] c.n.d.s.r.aws.ConfigClusterResolver      : Resolving eureka endpoints via configuration
2025-03-05T15:20:26.009+05:30  INFO 17708 --- [ExpenseMicroservice] [AsyncResolver-bootstrap-executor-%d] c.n.d.s.r.aws.ConfigClusterResolver      : Resolving eureka endpoints via configuration
2025-03-05T15:25:26.026+05:30  INFO 17708 --- [ExpenseMicroservice] [AsyncResolver-bootstrap-executor-%d] c.n.d.s.r.aws.ConfigClusterResolver      : Resolving eureka endpoints via configuration
2025-03-05T15:30:26.035+05:30  INFO 17708 --- [ExpenseMicroservice] [AsyncResolver-bootstrap-executor-%d] c.n.d.s.r.aws.ConfigClusterResolver      : Resolving eureka endpoints via configuration
2025-03-05T15:35:26.043+05:30  INFO 17708 --- [ExpenseMicroservice] [AsyncResolver-bootstrap-executor-%d] c.n.d.s.r.aws.ConfigClusterResolver      : Resolving eureka endpoints via configuration
2025-03-05T15:41:14.045+05:30  WARN 17708 --- [ExpenseMicroservice] [HikariPool-1 housekeeper] com.zaxxer.hikari.pool.HikariPool        : HikariPool-1 - Thread starvation or clock leap detected (housekeeper delta=4m51s688ms876µs800ns).
2025-03-05T15:44:47.733+05:30  INFO 17708 --- [ExpenseMicroservice] [AsyncResolver-bootstrap-executor-%d] c.n.d.s.r.aws.ConfigClusterResolver      : Resolving eureka endpoints via configuration
2025-03-05T15:49:47.746+05:30  INFO 17708 --- [ExpenseMicroservice] [AsyncResolver-bootstrap-executor-%d] c.n.d.s.r.aws.ConfigClusterResolver      : Resolving eureka endpoints via configuration
2025-03-05T15:50:01.251+05:30  INFO 17708 --- [ExpenseMicroservice] [http-nio-8082-exec-10] com.project.expense.aop.LoggingAspect    : Entering method: getTotalExpenses with arguments: [7]
2025-03-05T15:50:01.264+05:30  INFO 17708 --- [ExpenseMicroservice] [http-nio-8082-exec-10] com.project.expense.aop.LoggingAspect    : Exiting method: getTotalExpenses with result: 1525.0
2025-03-05T15:50:01.266+05:30  INFO 17708 --- [ExpenseMicroservice] [http-nio-8082-exec-9] com.project.expense.aop.LoggingAspect    : Entering method: getExpenseByUserIdAndDateBetween with arguments: [7, 2025-02-03, 2025-03-05]
2025-03-05T15:50:01.279+05:30  INFO 17708 --- [ExpenseMicroservice] [http-nio-8082-exec-9] com.project.expense.aop.LoggingAspect    : Exiting method: getExpenseByUserIdAndDateBetween with result: [Expense(id=14, title=sfffffff, description=fsa, category=saf, amount=33.0, date=2025-03-03, userId=7), Expense(id=15, title=dsd, description=sdsd, category=s, amount=800.0, date=2025-03-02, userId=7), Expense(id=16, title=tr, description=yry, category=ry, amount=168.0, date=2025-03-02, userId=7), Expense(id=18, title=12, description=12, category=123, amount=11.0, date=2025-02-25, userId=7), Expense(id=22, title=214, description=erq, category=req, amount=233.0, date=2025-02-26, userId=7)]
2025-03-05T15:50:01.303+05:30  INFO 17708 --- [ExpenseMicroservice] [http-nio-8082-exec-2] com.project.expense.aop.LoggingAspect    : Entering method: getExpenseByUserIdAndDateBetween with arguments: [7, 2025-02-03, 2025-03-05]
2025-03-05T15:50:01.309+05:30  INFO 17708 --- [ExpenseMicroservice] [http-nio-8082-exec-2] com.project.expense.aop.LoggingAspect    : Exiting method: getExpenseByUserIdAndDateBetween with result: [Expense(id=14, title=sfffffff, description=fsa, category=saf, amount=33.0, date=2025-03-03, userId=7), Expense(id=15, title=dsd, description=sdsd, category=s, amount=800.0, date=2025-03-02, userId=7), Expense(id=16, title=tr, description=yry, category=ry, amount=168.0, date=2025-03-02, userId=7), Expense(id=18, title=12, description=12, category=123, amount=11.0, date=2025-02-25, userId=7), Expense(id=22, title=214, description=erq, category=req, amount=233.0, date=2025-02-26, userId=7)]
2025-03-05T15:50:01.319+05:30  INFO 17708 --- [ExpenseMicroservice] [http-nio-8082-exec-3] com.project.expense.aop.LoggingAspect    : Entering method: getTotalExpenses with arguments: [7]
2025-03-05T15:50:01.322+05:30  INFO 17708 --- [ExpenseMicroservice] [http-nio-8082-exec-3] com.project.expense.aop.LoggingAspect    : Exiting method: getTotalExpenses with result: 1525.0
2025-03-05T15:50:05.777+05:30  INFO 17708 --- [ExpenseMicroservice] [http-nio-8082-exec-1] com.project.expense.aop.LoggingAspect    : Entering method: getAllExpenses with arguments: [7]
2025-03-05T15:50:05.784+05:30  INFO 17708 --- [ExpenseMicroservice] [http-nio-8082-exec-1] com.project.expense.aop.LoggingAspect    : Exiting method: getAllExpenses with result: [Expense(id=14, title=sfffffff, description=fsa, category=saf, amount=33.0, date=2025-03-03, userId=7), Expense(id=15, title=dsd, description=sdsd, category=s, amount=800.0, date=2025-03-02, userId=7), Expense(id=16, title=tr, description=yry, category=ry, amount=168.0, date=2025-03-02, userId=7), Expense(id=17, title=wr, description=er, category=we, amount=12.0, date=2025-03-06, userId=7), Expense(id=18, title=12, description=12, category=123, amount=11.0, date=2025-02-25, userId=7), Expense(id=19, title=ewe, description=ee, category=ew, amount=4.0, date=4444-03-22, userId=7), Expense(id=20, title=ree, description=rer, category=er, amount=232.0, date=2025-03-06, userId=7), Expense(id=21, title=3wr, description=wr, category=wr, amount=32.0, date=2025-03-11, userId=7), Expense(id=22, title=214, description=erq, category=req, amount=233.0, date=2025-02-26, userId=7)]
2025-03-05T15:50:05.799+05:30  INFO 17708 --- [ExpenseMicroservice] [http-nio-8082-exec-4] com.project.expense.aop.LoggingAspect    : Entering method: getAllExpenses with arguments: [7]
2025-03-05T15:50:05.805+05:30  INFO 17708 --- [ExpenseMicroservice] [http-nio-8082-exec-4] com.project.expense.aop.LoggingAspect    : Exiting method: getAllExpenses with result: [Expense(id=14, title=sfffffff, description=fsa, category=saf, amount=33.0, date=2025-03-03, userId=7), Expense(id=15, title=dsd, description=sdsd, category=s, amount=800.0, date=2025-03-02, userId=7), Expense(id=16, title=tr, description=yry, category=ry, amount=168.0, date=2025-03-02, userId=7), Expense(id=17, title=wr, description=er, category=we, amount=12.0, date=2025-03-06, userId=7), Expense(id=18, title=12, description=12, category=123, amount=11.0, date=2025-02-25, userId=7), Expense(id=19, title=ewe, description=ee, category=ew, amount=4.0, date=4444-03-22, userId=7), Expense(id=20, title=ree, description=rer, category=er, amount=232.0, date=2025-03-06, userId=7), Expense(id=21, title=3wr, description=wr, category=wr, amount=32.0, date=2025-03-11, userId=7), Expense(id=22, title=214, description=erq, category=req, amount=233.0, date=2025-02-26, userId=7)]
2025-03-05T15:54:47.749+05:30  INFO 17708 --- [ExpenseMicroservice] [AsyncResolver-bootstrap-executor-%d] c.n.d.s.r.aws.ConfigClusterResolver      : Resolving eureka endpoints via configuration
2025-03-05T15:59:47.751+05:30  INFO 17708 --- [ExpenseMicroservice] [AsyncResolver-bootstrap-executor-%d] c.n.d.s.r.aws.ConfigClusterResolver      : Resolving eureka endpoints via configuration
2025-03-05T16:04:47.755+05:30  INFO 17708 --- [ExpenseMicroservice] [AsyncResolver-bootstrap-executor-%d] c.n.d.s.r.aws.ConfigClusterResolver      : Resolving eureka endpoints via configuration
2025-03-05T16:09:47.768+05:30  INFO 17708 --- [ExpenseMicroservice] [AsyncResolver-bootstrap-executor-%d] c.n.d.s.r.aws.ConfigClusterResolver      : Resolving eureka endpoints via configuration
2025-03-05T16:14:47.782+05:30  INFO 17708 --- [ExpenseMicroservice] [AsyncResolver-bootstrap-executor-%d] c.n.d.s.r.aws.ConfigClusterResolver      : Resolving eureka endpoints via configuration
2025-03-05T16:19:47.785+05:30  INFO 17708 --- [ExpenseMicroservice] [AsyncResolver-bootstrap-executor-%d] c.n.d.s.r.aws.ConfigClusterResolver      : Resolving eureka endpoints via configuration
2025-03-05T16:24:47.790+05:30  INFO 17708 --- [ExpenseMicroservice] [AsyncResolver-bootstrap-executor-%d] c.n.d.s.r.aws.ConfigClusterResolver      : Resolving eureka endpoints via configuration
2025-03-05T16:27:46.351+05:30  INFO 17708 --- [ExpenseMicroservice] [http-nio-8082-exec-7] com.project.expense.aop.LoggingAspect    : Entering method: deleteExpensesByUserId with arguments: [7]
2025-03-05T16:27:46.361+05:30  INFO 17708 --- [ExpenseMicroservice] [http-nio-8082-exec-7] com.project.expense.aop.LoggingAspect    : Exiting method: deleteExpensesByUserId with result: null
2025-03-05T16:29:47.801+05:30  INFO 17708 --- [ExpenseMicroservice] [AsyncResolver-bootstrap-executor-%d] c.n.d.s.r.aws.ConfigClusterResolver      : Resolving eureka endpoints via configuration
2025-03-05T16:29:59.909+05:30  INFO 17708 --- [ExpenseMicroservice] [http-nio-8082-exec-10] com.project.expense.aop.LoggingAspect    : Entering method: getAllExpenses with arguments: [15]
2025-03-05T16:29:59.913+05:30  INFO 17708 --- [ExpenseMicroservice] [http-nio-8082-exec-10] com.project.expense.aop.LoggingAspect    : Exiting method: getAllExpenses with result: []
2025-03-05T16:29:59.926+05:30  INFO 17708 --- [ExpenseMicroservice] [http-nio-8082-exec-9] com.project.expense.aop.LoggingAspect    : Entering method: getAllExpenses with arguments: [15]
2025-03-05T16:29:59.930+05:30  INFO 17708 --- [ExpenseMicroservice] [http-nio-8082-exec-9] com.project.expense.aop.LoggingAspect    : Exiting method: getAllExpenses with result: []
2025-03-05T16:30:11.237+05:30  INFO 17708 --- [ExpenseMicroservice] [http-nio-8082-exec-2] com.project.expense.aop.LoggingAspect    : Entering method: addExpense with arguments: [ExpenseDTO(title=dsd, description=ef, category=er, amount=323.0, date=2025-03-18, userId=15)]
2025-03-05T16:30:11.276+05:30  INFO 17708 --- [ExpenseMicroservice] [http-nio-8082-exec-2] com.project.expense.aop.LoggingAspect    : Exiting method: addExpense with result: Expense(id=27, title=dsd, description=ef, category=er, amount=323.0, date=2025-03-18, userId=15)
2025-03-05T16:30:11.297+05:30  INFO 17708 --- [ExpenseMicroservice] [http-nio-8082-exec-3] com.project.expense.aop.LoggingAspect    : Entering method: getAllExpenses with arguments: [15]
2025-03-05T16:30:11.300+05:30  INFO 17708 --- [ExpenseMicroservice] [http-nio-8082-exec-3] com.project.expense.aop.LoggingAspect    : Exiting method: getAllExpenses with result: [Expense(id=27, title=dsd, description=ef, category=er, amount=323.0, date=2025-03-18, userId=15)]
2025-03-05T16:30:13.860+05:30  INFO 17708 --- [ExpenseMicroservice] [http-nio-8082-exec-1] com.project.expense.aop.LoggingAspect    : Entering method: getExpense with arguments: [27, 15]
2025-03-05T16:30:13.867+05:30  INFO 17708 --- [ExpenseMicroservice] [http-nio-8082-exec-1] com.project.expense.aop.LoggingAspect    : Exiting method: getExpense with result: Expense(id=27, title=dsd, description=ef, category=er, amount=323.0, date=2025-03-18, userId=15)
2025-03-05T16:30:17.043+05:30  INFO 17708 --- [ExpenseMicroservice] [http-nio-8082-exec-4] com.project.expense.aop.LoggingAspect    : Entering method: updateExpense with arguments: [27, ExpenseDTO(title=dsd, description=ef, category=erssssssssssss, amount=323.0, date=2025-03-18, userId=15)]
2025-03-05T16:30:17.050+05:30  INFO 17708 --- [ExpenseMicroservice] [http-nio-8082-exec-4] com.project.expense.aop.LoggingAspect    : Exiting method: updateExpense with result: Expense(id=27, title=dsd, description=ef, category=erssssssssssss, amount=323.0, date=2025-03-18, userId=15)
2025-03-05T16:30:17.083+05:30  INFO 17708 --- [ExpenseMicroservice] [http-nio-8082-exec-5] com.project.expense.aop.LoggingAspect    : Entering method: getAllExpenses with arguments: [15]
2025-03-05T16:30:17.088+05:30  INFO 17708 --- [ExpenseMicroservice] [http-nio-8082-exec-5] com.project.expense.aop.LoggingAspect    : Exiting method: getAllExpenses with result: [Expense(id=27, title=dsd, description=ef, category=erssssssssssss, amount=323.0, date=2025-03-18, userId=15)]
2025-03-05T16:30:57.141+05:30  INFO 17708 --- [ExpenseMicroservice] [http-nio-8082-exec-6] com.project.expense.aop.LoggingAspect    : Entering method: getExpenseByUserIdAndDateBetween with arguments: [15, 2025-02-03, 2025-03-05]
2025-03-05T16:30:57.145+05:30  INFO 17708 --- [ExpenseMicroservice] [http-nio-8082-exec-6] com.project.expense.aop.LoggingAspect    : Exiting method: getExpenseByUserIdAndDateBetween with result: []
2025-03-05T16:30:57.164+05:30  INFO 17708 --- [ExpenseMicroservice] [http-nio-8082-exec-8] com.project.expense.aop.LoggingAspect    : Entering method: getTotalExpenses with arguments: [15]
2025-03-05T16:30:57.165+05:30  INFO 17708 --- [ExpenseMicroservice] [http-nio-8082-exec-7] com.project.expense.aop.LoggingAspect    : Entering method: getExpenseByUserIdAndDateBetween with arguments: [15, 2025-02-03, 2025-03-05]
2025-03-05T16:30:57.166+05:30  INFO 17708 --- [ExpenseMicroservice] [http-nio-8082-exec-8] com.project.expense.aop.LoggingAspect    : Exiting method: getTotalExpenses with result: 323.0
2025-03-05T16:30:57.170+05:30  INFO 17708 --- [ExpenseMicroservice] [http-nio-8082-exec-7] com.project.expense.aop.LoggingAspect    : Exiting method: getExpenseByUserIdAndDateBetween with result: []
2025-03-05T16:30:57.325+05:30  INFO 17708 --- [ExpenseMicroservice] [http-nio-8082-exec-10] com.project.expense.aop.LoggingAspect    : Entering method: getTotalExpenses with arguments: [15]
2025-03-05T16:30:57.328+05:30  INFO 17708 --- [ExpenseMicroservice] [http-nio-8082-exec-10] com.project.expense.aop.LoggingAspect    : Exiting method: getTotalExpenses with result: 323.0
2025-03-05T16:31:37.392+05:30  INFO 17708 --- [ExpenseMicroservice] [http-nio-8082-exec-9] com.project.expense.aop.LoggingAspect    : Entering method: getAllExpenses with arguments: [15]
2025-03-05T16:31:37.400+05:30  INFO 17708 --- [ExpenseMicroservice] [http-nio-8082-exec-9] com.project.expense.aop.LoggingAspect    : Exiting method: getAllExpenses with result: [Expense(id=27, title=dsd, description=ef, category=erssssssssssss, amount=323.0, date=2025-03-18, userId=15)]
2025-03-05T16:31:37.415+05:30  INFO 17708 --- [ExpenseMicroservice] [http-nio-8082-exec-2] com.project.expense.aop.LoggingAspect    : Entering method: getAllExpenses with arguments: [15]
2025-03-05T16:31:37.419+05:30  INFO 17708 --- [ExpenseMicroservice] [http-nio-8082-exec-2] com.project.expense.aop.LoggingAspect    : Exiting method: getAllExpenses with result: [Expense(id=27, title=dsd, description=ef, category=erssssssssssss, amount=323.0, date=2025-03-18, userId=15)]
2025-03-05T16:31:52.171+05:30  INFO 17708 --- [ExpenseMicroservice] [http-nio-8082-exec-3] com.project.expense.aop.LoggingAspect    : Entering method: deleteExpense with arguments: [27, 15]
2025-03-05T16:31:52.181+05:30  INFO 17708 --- [ExpenseMicroservice] [http-nio-8082-exec-3] com.project.expense.aop.LoggingAspect    : Exiting method: deleteExpense with result: Expense Deleted Successfully
2025-03-05T16:31:52.203+05:30  INFO 17708 --- [ExpenseMicroservice] [http-nio-8082-exec-1] com.project.expense.aop.LoggingAspect    : Entering method: getAllExpenses with arguments: [15]
2025-03-05T16:31:52.208+05:30  INFO 17708 --- [ExpenseMicroservice] [http-nio-8082-exec-1] com.project.expense.aop.LoggingAspect    : Exiting method: getAllExpenses with result: []
2025-03-05T16:32:09.034+05:30  INFO 17708 --- [ExpenseMicroservice] [http-nio-8082-exec-5] com.project.expense.aop.LoggingAspect    : Entering method: addExpense with arguments: [ExpenseDTO(title=gr, description=ds, category=ff, amount=12.0, date=2025-03-05, userId=15)]
2025-03-05T16:32:09.037+05:30  INFO 17708 --- [ExpenseMicroservice] [http-nio-8082-exec-5] com.project.expense.aop.LoggingAspect    : Exiting method: addExpense with result: Expense(id=28, title=gr, description=ds, category=ff, amount=12.0, date=2025-03-05, userId=15)
2025-03-05T16:32:09.054+05:30  INFO 17708 --- [ExpenseMicroservice] [http-nio-8082-exec-6] com.project.expense.aop.LoggingAspect    : Entering method: getAllExpenses with arguments: [15]
2025-03-05T16:32:09.058+05:30  INFO 17708 --- [ExpenseMicroservice] [http-nio-8082-exec-6] com.project.expense.aop.LoggingAspect    : Exiting method: getAllExpenses with result: [Expense(id=28, title=gr, description=ds, category=ff, amount=12.0, date=2025-03-05, userId=15)]
2025-03-05T16:32:13.070+05:30  INFO 17708 --- [ExpenseMicroservice] [http-nio-8082-exec-8] com.project.expense.aop.LoggingAspect    : Entering method: getExpenseByUserIdAndDateBetween with arguments: [15, 2025-02-03, 2025-03-05]
2025-03-05T16:32:13.076+05:30  INFO 17708 --- [ExpenseMicroservice] [http-nio-8082-exec-8] com.project.expense.aop.LoggingAspect    : Exiting method: getExpenseByUserIdAndDateBetween with result: [Expense(id=28, title=gr, description=ds, category=ff, amount=12.0, date=2025-03-05, userId=15)]
2025-03-05T16:32:13.090+05:30  INFO 17708 --- [ExpenseMicroservice] [http-nio-8082-exec-7] com.project.expense.aop.LoggingAspect    : Entering method: getTotalExpenses with arguments: [15]
2025-03-05T16:32:13.093+05:30  INFO 17708 --- [ExpenseMicroservice] [http-nio-8082-exec-7] com.project.expense.aop.LoggingAspect    : Exiting method: getTotalExpenses with result: 12.0
2025-03-05T16:32:13.093+05:30  INFO 17708 --- [ExpenseMicroservice] [http-nio-8082-exec-10] com.project.expense.aop.LoggingAspect    : Entering method: getExpenseByUserIdAndDateBetween with arguments: [15, 2025-02-03, 2025-03-05]
2025-03-05T16:32:13.098+05:30  INFO 17708 --- [ExpenseMicroservice] [http-nio-8082-exec-10] com.project.expense.aop.LoggingAspect    : Exiting method: getExpenseByUserIdAndDateBetween with result: [Expense(id=28, title=gr, description=ds, category=ff, amount=12.0, date=2025-03-05, userId=15)]
2025-03-05T16:32:13.165+05:30  INFO 17708 --- [ExpenseMicroservice] [http-nio-8082-exec-9] com.project.expense.aop.LoggingAspect    : Entering method: getTotalExpenses with arguments: [15]
2025-03-05T16:32:13.169+05:30  INFO 17708 --- [ExpenseMicroservice] [http-nio-8082-exec-9] com.project.expense.aop.LoggingAspect    : Exiting method: getTotalExpenses with result: 12.0
2025-03-05T16:34:47.811+05:30  INFO 17708 --- [ExpenseMicroservice] [AsyncResolver-bootstrap-executor-%d] c.n.d.s.r.aws.ConfigClusterResolver      : Resolving eureka endpoints via configuration
2025-03-05T16:38:55.991+05:30  INFO 17708 --- [ExpenseMicroservice] [http-nio-8082-exec-1] com.project.expense.aop.LoggingAspect    : Entering method: getAllExpenses with arguments: [15]
2025-03-05T16:38:55.996+05:30  INFO 17708 --- [ExpenseMicroservice] [http-nio-8082-exec-1] com.project.expense.aop.LoggingAspect    : Exiting method: getAllExpenses with result: [Expense(id=28, title=gr, description=ds, category=ff, amount=12.0, date=2025-03-05, userId=15)]
2025-03-05T16:38:56.009+05:30  INFO 17708 --- [ExpenseMicroservice] [http-nio-8082-exec-4] com.project.expense.aop.LoggingAspect    : Entering method: getAllExpenses with arguments: [15]
2025-03-05T16:38:56.016+05:30  INFO 17708 --- [ExpenseMicroservice] [http-nio-8082-exec-4] com.project.expense.aop.LoggingAspect    : Exiting method: getAllExpenses with result: [Expense(id=28, title=gr, description=ds, category=ff, amount=12.0, date=2025-03-05, userId=15)]
2025-03-05T16:39:47.818+05:30  INFO 17708 --- [ExpenseMicroservice] [AsyncResolver-bootstrap-executor-%d] c.n.d.s.r.aws.ConfigClusterResolver      : Resolving eureka endpoints via configuration
2025-03-05T16:41:47.141+05:30  INFO 17708 --- [ExpenseMicroservice] [http-nio-8082-exec-6] com.project.expense.aop.LoggingAspect    : Entering method: getAllExpenses with arguments: [15]
2025-03-05T16:41:47.149+05:30  INFO 17708 --- [ExpenseMicroservice] [http-nio-8082-exec-6] com.project.expense.aop.LoggingAspect    : Exiting method: getAllExpenses with result: [Expense(id=28, title=gr, description=ds, category=ff, amount=12.0, date=2025-03-05, userId=15)]
2025-03-05T16:41:47.171+05:30  INFO 17708 --- [ExpenseMicroservice] [http-nio-8082-exec-8] com.project.expense.aop.LoggingAspect    : Entering method: getAllExpenses with arguments: [15]
2025-03-05T16:41:47.176+05:30  INFO 17708 --- [ExpenseMicroservice] [http-nio-8082-exec-8] com.project.expense.aop.LoggingAspect    : Exiting method: getAllExpenses with result: [Expense(id=28, title=gr, description=ds, category=ff, amount=12.0, date=2025-03-05, userId=15)]
2025-03-05T16:44:47.830+05:30  INFO 17708 --- [ExpenseMicroservice] [AsyncResolver-bootstrap-executor-%d] c.n.d.s.r.aws.ConfigClusterResolver      : Resolving eureka endpoints via configuration
2025-03-05T16:49:47.834+05:30  INFO 17708 --- [ExpenseMicroservice] [AsyncResolver-bootstrap-executor-%d] c.n.d.s.r.aws.ConfigClusterResolver      : Resolving eureka endpoints via configuration
2025-03-05T16:54:47.845+05:30  INFO 17708 --- [ExpenseMicroservice] [AsyncResolver-bootstrap-executor-%d] c.n.d.s.r.aws.ConfigClusterResolver      : Resolving eureka endpoints via configuration
